2018-10-28 11:56:05,060 INFO  [org.jboss.modules] (main) JBoss Modules version 1.8.5.Final
2018-10-28 11:56:05,957 INFO  [org.jboss.msc] (main) JBoss MSC version 1.4.2.Final
2018-10-28 11:56:05,970 INFO  [org.jboss.threads] (main) JBoss Threads version 2.3.2.Final
2018-10-28 11:56:06,088 INFO  [org.jboss.as] (MSC service thread 1-2) WFLYSRV0049: WildFly Full 13.0.0.Final (WildFly Core 5.0.0.Final) starting
2018-10-28 11:56:06,089 DEBUG [org.jboss.as.config] (MSC service thread 1-2) Configured system properties:
	awt.toolkit = sun.awt.windows.WToolkit
	file.encoding = Cp1252
	file.encoding.pkg = sun.io
	file.separator = \
	java.awt.graphicsenv = sun.awt.Win32GraphicsEnvironment
	java.awt.headless = true
	java.awt.printerjob = sun.awt.windows.WPrinterJob
	java.class.path = C:\Users\Andru\Desktop\Multi-tiered Software Development\wildfly-13.0.0.Final\jboss-modules.jar;C:\Program Files\Java\jre1.8.0_191\lib\resources.jar;C:\Program Files\Java\jre1.8.0_191\lib\rt.jar;C:\Program Files\Java\jre1.8.0_191\lib\jsse.jar;C:\Program Files\Java\jre1.8.0_191\lib\jce.jar;C:\Program Files\Java\jre1.8.0_191\lib\charsets.jar;C:\Program Files\Java\jre1.8.0_191\lib\jfr.jar
	java.class.version = 52.0
	java.endorsed.dirs = C:\Program Files\Java\jre1.8.0_191\lib\endorsed
	java.ext.dirs = C:\Program Files\Java\jre1.8.0_191\lib\ext;C:\WINDOWS\Sun\Java\lib\ext
	java.home = C:\Program Files\Java\jre1.8.0_191
	java.io.tmpdir = C:\Users\Andru\AppData\Local\Temp\
	java.library.path = C:\Program Files\Java\jre1.8.0_191\bin;C:\WINDOWS\Sun\Java\bin;C:\WINDOWS\system32;C:\WINDOWS;native;C:/Program Files/Java/jre1.8.0_191/bin/server;C:/Program Files/Java/jre1.8.0_191/bin;C:/Program Files/Java/jre1.8.0_191/lib/amd64;C:\Program Files\WinRAR;D:\app\Andru\product\12.2.0\dbhome_2\bin;D:\app\Andru\product\12.2.0\dbhome_1\bin;C:\Users\Andru\Desktop\DbLogicInBusinessApplications\product\12.2.0\dbhome_1\bin;C:\Program Files (x86)\Common Files\Oracle\Java\javapath;C:\WINDOWS\system32;C:\WINDOWS;C:\WINDOWS\System32\Wbem;C:\WINDOWS\System32\WindowsPowerShell\v1.0\;C:\Program Files\PuTTY\;C:\WINDOWS\System32\OpenSSH\;C:\Program Files\Git\cmd;C:\Users\Andru\AppData\Local\Microsoft\WindowsApps;;C:\Users\Andru\AppData\Local\Temp\Rar$EXa17264.32810\eclipse;;.
	java.net.preferIPv4Stack = true
	java.runtime.name = Java(TM) SE Runtime Environment
	java.runtime.version = 1.8.0_191-b12
	java.specification.name = Java Platform API Specification
	java.specification.vendor = Oracle Corporation
	java.specification.version = 1.8
	java.util.logging.manager = org.jboss.logmanager.LogManager
	java.vendor = Oracle Corporation
	java.vendor.url = http://java.oracle.com/
	java.vendor.url.bug = http://bugreport.sun.com/bugreport/
	java.version = 1.8.0_191
	java.vm.info = mixed mode
	java.vm.name = Java HotSpot(TM) 64-Bit Server VM
	java.vm.specification.name = Java Virtual Machine Specification
	java.vm.specification.vendor = Oracle Corporation
	java.vm.specification.version = 1.8
	java.vm.vendor = Oracle Corporation
	java.vm.version = 25.191-b12
	javax.management.builder.initial = org.jboss.as.jmx.PluggableMBeanServerBuilder
	jboss.bind.address = localhost
	jboss.bind.address.management = localhost
	jboss.home.dir = C:\Users\Andru\Desktop\Multi-tiered Software Development\wildfly-13.0.0.Final
	jboss.host.name = desktop-ogprso7
	jboss.modules.dir = C:\Users\Andru\Desktop\Multi-tiered Software Development\wildfly-13.0.0.Final\modules
	jboss.modules.system.pkgs = org.jboss.byteman
	jboss.node.name = desktop-ogprso7
	jboss.qualified.host.name = desktop-ogprso7
	jboss.server.base.dir = C:\Users\Andru\Desktop\Multi-tiered Software Development\wildfly-13.0.0.Final\standalone
	jboss.server.config.dir = C:\Users\Andru\Desktop\Multi-tiered Software Development\wildfly-13.0.0.Final\standalone\configuration
	jboss.server.data.dir = C:\Users\Andru\Desktop\Multi-tiered Software Development\wildfly-13.0.0.Final\standalone\data
	jboss.server.deploy.dir = C:\Users\Andru\Desktop\Multi-tiered Software Development\wildfly-13.0.0.Final\standalone\data\content
	jboss.server.log.dir = C:\Users\Andru\Desktop\Multi-tiered Software Development\wildfly-13.0.0.Final\standalone\log
	jboss.server.name = desktop-ogprso7
	jboss.server.persist.config = true
	jboss.server.temp.dir = C:\Users\Andru\Desktop\Multi-tiered Software Development\wildfly-13.0.0.Final\standalone\tmp
	line.separator = 

	logging.configuration = file:C:\Users\Andru\Desktop\Multi-tiered Software Development\wildfly-13.0.0.Final\standalone\configuration\logging.properties
	module.path = C:\Users\Andru\Desktop\Multi-tiered Software Development\wildfly-13.0.0.Final\modules
	org.jboss.boot.log.file = C:\Users\Andru\Desktop\Multi-tiered Software Development\wildfly-13.0.0.Final\standalone\log\boot.log
	org.jboss.logmanager.nocolor = true
	org.jboss.resolver.warning = true
	os.arch = amd64
	os.name = Windows 10
	os.version = 10.0
	path.separator = ;
	program.name = JBossTools: WildFly 13
	sun.arch.data.model = 64
	sun.boot.class.path = C:\Program Files\Java\jre1.8.0_191\lib\resources.jar;C:\Program Files\Java\jre1.8.0_191\lib\rt.jar;C:\Program Files\Java\jre1.8.0_191\lib\sunrsasign.jar;C:\Program Files\Java\jre1.8.0_191\lib\jsse.jar;C:\Program Files\Java\jre1.8.0_191\lib\jce.jar;C:\Program Files\Java\jre1.8.0_191\lib\charsets.jar;C:\Program Files\Java\jre1.8.0_191\lib\jfr.jar;C:\Program Files\Java\jre1.8.0_191\classes
	sun.boot.library.path = C:\Program Files\Java\jre1.8.0_191\bin
	sun.cpu.endian = little
	sun.cpu.isalist = amd64
	sun.desktop = windows
	sun.io.unicode.encoding = UnicodeLittle
	sun.java.command = org.jboss.modules.Main -mp C:\Users\Andru\Desktop\Multi-tiered Software Development\wildfly-13.0.0.Final\modules org.jboss.as.standalone -b localhost --server-config=standalone.xml -Djboss.server.base.dir=C:\Users\Andru\Desktop\Multi-tiered Software Development\wildfly-13.0.0.Final\standalone
	sun.java.launcher = SUN_STANDARD
	sun.jnu.encoding = Cp1252
	sun.management.compiler = HotSpot 64-Bit Tiered Compilers
	sun.os.patch.level = 
	sun.rmi.dgc.client.gcInterval = 3600000
	sun.rmi.dgc.server.gcInterval = 3600000
	user.country = US
	user.dir = C:\Users\Andru\Desktop\Multi-tiered Software Development\wildfly-13.0.0.Final\bin
	user.home = C:\Users\Andru
	user.language = en
	user.name = Andru
	user.script = 
	user.timezone = Europe/Athens
	user.variant = 
2018-10-28 11:56:06,089 DEBUG [org.jboss.as.config] (MSC service thread 1-2) VM Arguments: -Dprogram.name=JBossTools: WildFly 13 -Xms64m -Xmx512m -Dorg.jboss.resolver.warning=true -Djava.net.preferIPv4Stack=true -Dsun.rmi.dgc.client.gcInterval=3600000 -Dsun.rmi.dgc.server.gcInterval=3600000 -Djboss.modules.system.pkgs=org.jboss.byteman -Djava.awt.headless=true -Dorg.jboss.boot.log.file=C:\Users\Andru\Desktop\Multi-tiered Software Development\wildfly-13.0.0.Final\standalone\log\boot.log -Dlogging.configuration=file:C:\Users\Andru\Desktop\Multi-tiered Software Development\wildfly-13.0.0.Final\standalone\configuration\logging.properties -Djboss.home.dir=C:\Users\Andru\Desktop\Multi-tiered Software Development\wildfly-13.0.0.Final -Dorg.jboss.logmanager.nocolor=true -Djboss.bind.address.management=localhost -Dfile.encoding=Cp1252 
2018-10-28 11:56:07,950 INFO  [org.jboss.as.controller] (Controller Boot Thread) OPVDX002: Failed to pretty print validation error: null
2018-10-28 11:56:07,951 ERROR [org.jboss.as.server] (Controller Boot Thread) WFLYSRV0055: Caught exception during boot: org.jboss.as.controller.persistence.ConfigurationPersistenceException: WFLYCTL0085: Failed to parse configuration
	at org.jboss.as.controller.persistence.XmlConfigurationPersister.load(XmlConfigurationPersister.java:143)
	at org.jboss.as.server.ServerService.boot(ServerService.java:377)
	at org.jboss.as.controller.AbstractControllerService$1.run(AbstractControllerService.java:372)
	at java.lang.Thread.run(Unknown Source)
Caused by: javax.xml.stream.XMLStreamException: com.ctc.wstx.exc.WstxParsingException: Unexpected close tag </datasources>; expected </drivers>.
 at [row,col {unknown-source}]: [172,25]
	at org.jboss.as.connector.subsystems.datasources.DataSourcesExtension$DataSourceSubsystemParser.readElement(DataSourcesExtension.java:650)
	at org.jboss.as.connector.subsystems.datasources.DataSourcesExtension$DataSourceSubsystemParser.readElement(DataSourcesExtension.java:204)
	at org.jboss.staxmapper.XMLMapperImpl.processNested(XMLMapperImpl.java:122)
	at org.jboss.staxmapper.XMLExtendedStreamReaderImpl.handleAny(XMLExtendedStreamReaderImpl.java:69)
	at org.jboss.as.server.parsing.StandaloneXml_7.parseServerProfile(StandaloneXml_7.java:607)
	at org.jboss.as.server.parsing.StandaloneXml_7.readServerElement(StandaloneXml_7.java:240)
	at org.jboss.as.server.parsing.StandaloneXml_7.readElement(StandaloneXml_7.java:137)
	at org.jboss.as.server.parsing.StandaloneXml.readElement(StandaloneXml.java:117)
	at org.jboss.as.server.parsing.StandaloneXml.readElement(StandaloneXml.java:52)
	at org.jboss.staxmapper.XMLMapperImpl.processNested(XMLMapperImpl.java:122)
	at org.jboss.staxmapper.XMLMapperImpl.parseDocument(XMLMapperImpl.java:76)
	at org.jboss.as.controller.persistence.XmlConfigurationPersister.load(XmlConfigurationPersister.java:126)
	... 3 more
Caused by: com.ctc.wstx.exc.WstxParsingException: Unexpected close tag </datasources>; expected </drivers>.
 at [row,col {unknown-source}]: [172,25]
	at com.ctc.wstx.sr.StreamScanner.constructWfcException(StreamScanner.java:621)
	at com.ctc.wstx.sr.StreamScanner.throwParseError(StreamScanner.java:491)
	at com.ctc.wstx.sr.StreamScanner.throwParseError(StreamScanner.java:475)
	at com.ctc.wstx.sr.BasicStreamReader.reportWrongEndElem(BasicStreamReader.java:3365)
	at com.ctc.wstx.sr.BasicStreamReader.readEndElem(BasicStreamReader.java:3292)
	at com.ctc.wstx.sr.BasicStreamReader.nextFromTree(BasicStreamReader.java:2911)
	at com.ctc.wstx.sr.BasicStreamReader.next(BasicStreamReader.java:1123)
	at com.ctc.wstx.sr.BasicStreamReader.nextTag(BasicStreamReader.java:1204)
	at org.jboss.staxmapper.XMLExtendedStreamReaderImpl.nextTag(XMLExtendedStreamReaderImpl.java:152)
	at org.jboss.as.connector.subsystems.datasources.DsParser.parseDataSources(DsParser.java:208)
	at org.jboss.as.connector.subsystems.datasources.DsParser.parse(DsParser.java:189)
	at org.jboss.as.connector.subsystems.datasources.DataSourcesExtension$DataSourceSubsystemParser.readElement(DataSourcesExtension.java:643)
	... 14 more

2018-10-28 11:56:07,954 FATAL [org.jboss.as.server] (Controller Boot Thread) WFLYSRV0056: Server boot has failed in an unrecoverable manner; exiting. See previous messages for details.
2018-10-28 11:56:07,990 INFO  [org.jboss.as] (MSC service thread 1-6) WFLYSRV0050: WildFly Full 13.0.0.Final (WildFly Core 5.0.0.Final) stopped in 19ms
2018-10-28 11:57:01,891 INFO  [org.jboss.modules] (main) JBoss Modules version 1.8.5.Final
2018-10-28 11:57:02,485 INFO  [org.jboss.msc] (main) JBoss MSC version 1.4.2.Final
2018-10-28 11:57:02,499 INFO  [org.jboss.threads] (main) JBoss Threads version 2.3.2.Final
2018-10-28 11:57:02,628 INFO  [org.jboss.as] (MSC service thread 1-2) WFLYSRV0049: WildFly Full 13.0.0.Final (WildFly Core 5.0.0.Final) starting
2018-10-28 11:57:02,630 DEBUG [org.jboss.as.config] (MSC service thread 1-2) Configured system properties:
	awt.toolkit = sun.awt.windows.WToolkit
	file.encoding = Cp1252
	file.encoding.pkg = sun.io
	file.separator = \
	java.awt.graphicsenv = sun.awt.Win32GraphicsEnvironment
	java.awt.headless = true
	java.awt.printerjob = sun.awt.windows.WPrinterJob
	java.class.path = C:\Users\Andru\Desktop\Multi-tiered Software Development\wildfly-13.0.0.Final\jboss-modules.jar;C:\Program Files\Java\jre1.8.0_191\lib\resources.jar;C:\Program Files\Java\jre1.8.0_191\lib\rt.jar;C:\Program Files\Java\jre1.8.0_191\lib\jsse.jar;C:\Program Files\Java\jre1.8.0_191\lib\jce.jar;C:\Program Files\Java\jre1.8.0_191\lib\charsets.jar;C:\Program Files\Java\jre1.8.0_191\lib\jfr.jar
	java.class.version = 52.0
	java.endorsed.dirs = C:\Program Files\Java\jre1.8.0_191\lib\endorsed
	java.ext.dirs = C:\Program Files\Java\jre1.8.0_191\lib\ext;C:\WINDOWS\Sun\Java\lib\ext
	java.home = C:\Program Files\Java\jre1.8.0_191
	java.io.tmpdir = C:\Users\Andru\AppData\Local\Temp\
	java.library.path = C:\Program Files\Java\jre1.8.0_191\bin;C:\WINDOWS\Sun\Java\bin;C:\WINDOWS\system32;C:\WINDOWS;native;C:/Program Files/Java/jre1.8.0_191/bin/server;C:/Program Files/Java/jre1.8.0_191/bin;C:/Program Files/Java/jre1.8.0_191/lib/amd64;C:\Program Files\WinRAR;D:\app\Andru\product\12.2.0\dbhome_2\bin;D:\app\Andru\product\12.2.0\dbhome_1\bin;C:\Users\Andru\Desktop\DbLogicInBusinessApplications\product\12.2.0\dbhome_1\bin;C:\Program Files (x86)\Common Files\Oracle\Java\javapath;C:\WINDOWS\system32;C:\WINDOWS;C:\WINDOWS\System32\Wbem;C:\WINDOWS\System32\WindowsPowerShell\v1.0\;C:\Program Files\PuTTY\;C:\WINDOWS\System32\OpenSSH\;C:\Program Files\Git\cmd;C:\Users\Andru\AppData\Local\Microsoft\WindowsApps;;C:\Users\Andru\AppData\Local\Temp\Rar$EXa17264.32810\eclipse;;.
	java.net.preferIPv4Stack = true
	java.runtime.name = Java(TM) SE Runtime Environment
	java.runtime.version = 1.8.0_191-b12
	java.specification.name = Java Platform API Specification
	java.specification.vendor = Oracle Corporation
	java.specification.version = 1.8
	java.util.logging.manager = org.jboss.logmanager.LogManager
	java.vendor = Oracle Corporation
	java.vendor.url = http://java.oracle.com/
	java.vendor.url.bug = http://bugreport.sun.com/bugreport/
	java.version = 1.8.0_191
	java.vm.info = mixed mode
	java.vm.name = Java HotSpot(TM) 64-Bit Server VM
	java.vm.specification.name = Java Virtual Machine Specification
	java.vm.specification.vendor = Oracle Corporation
	java.vm.specification.version = 1.8
	java.vm.vendor = Oracle Corporation
	java.vm.version = 25.191-b12
	javax.management.builder.initial = org.jboss.as.jmx.PluggableMBeanServerBuilder
	jboss.bind.address = localhost
	jboss.bind.address.management = localhost
	jboss.home.dir = C:\Users\Andru\Desktop\Multi-tiered Software Development\wildfly-13.0.0.Final
	jboss.host.name = desktop-ogprso7
	jboss.modules.dir = C:\Users\Andru\Desktop\Multi-tiered Software Development\wildfly-13.0.0.Final\modules
	jboss.modules.system.pkgs = org.jboss.byteman
	jboss.node.name = desktop-ogprso7
	jboss.qualified.host.name = desktop-ogprso7
	jboss.server.base.dir = C:\Users\Andru\Desktop\Multi-tiered Software Development\wildfly-13.0.0.Final\standalone
	jboss.server.config.dir = C:\Users\Andru\Desktop\Multi-tiered Software Development\wildfly-13.0.0.Final\standalone\configuration
	jboss.server.data.dir = C:\Users\Andru\Desktop\Multi-tiered Software Development\wildfly-13.0.0.Final\standalone\data
	jboss.server.deploy.dir = C:\Users\Andru\Desktop\Multi-tiered Software Development\wildfly-13.0.0.Final\standalone\data\content
	jboss.server.log.dir = C:\Users\Andru\Desktop\Multi-tiered Software Development\wildfly-13.0.0.Final\standalone\log
	jboss.server.name = desktop-ogprso7
	jboss.server.persist.config = true
	jboss.server.temp.dir = C:\Users\Andru\Desktop\Multi-tiered Software Development\wildfly-13.0.0.Final\standalone\tmp
	line.separator = 

	logging.configuration = file:C:\Users\Andru\Desktop\Multi-tiered Software Development\wildfly-13.0.0.Final\standalone\configuration\logging.properties
	module.path = C:\Users\Andru\Desktop\Multi-tiered Software Development\wildfly-13.0.0.Final\modules
	org.jboss.boot.log.file = C:\Users\Andru\Desktop\Multi-tiered Software Development\wildfly-13.0.0.Final\standalone\log\boot.log
	org.jboss.logmanager.nocolor = true
	org.jboss.resolver.warning = true
	os.arch = amd64
	os.name = Windows 10
	os.version = 10.0
	path.separator = ;
	program.name = JBossTools: WildFly 13
	sun.arch.data.model = 64
	sun.boot.class.path = C:\Program Files\Java\jre1.8.0_191\lib\resources.jar;C:\Program Files\Java\jre1.8.0_191\lib\rt.jar;C:\Program Files\Java\jre1.8.0_191\lib\sunrsasign.jar;C:\Program Files\Java\jre1.8.0_191\lib\jsse.jar;C:\Program Files\Java\jre1.8.0_191\lib\jce.jar;C:\Program Files\Java\jre1.8.0_191\lib\charsets.jar;C:\Program Files\Java\jre1.8.0_191\lib\jfr.jar;C:\Program Files\Java\jre1.8.0_191\classes
	sun.boot.library.path = C:\Program Files\Java\jre1.8.0_191\bin
	sun.cpu.endian = little
	sun.cpu.isalist = amd64
	sun.desktop = windows
	sun.io.unicode.encoding = UnicodeLittle
	sun.java.command = org.jboss.modules.Main -mp C:\Users\Andru\Desktop\Multi-tiered Software Development\wildfly-13.0.0.Final\modules org.jboss.as.standalone -b localhost --server-config=standalone.xml -Djboss.server.base.dir=C:\Users\Andru\Desktop\Multi-tiered Software Development\wildfly-13.0.0.Final\standalone
	sun.java.launcher = SUN_STANDARD
	sun.jnu.encoding = Cp1252
	sun.management.compiler = HotSpot 64-Bit Tiered Compilers
	sun.os.patch.level = 
	sun.rmi.dgc.client.gcInterval = 3600000
	sun.rmi.dgc.server.gcInterval = 3600000
	user.country = US
	user.dir = C:\Users\Andru\Desktop\Multi-tiered Software Development\wildfly-13.0.0.Final\bin
	user.home = C:\Users\Andru
	user.language = en
	user.name = Andru
	user.script = 
	user.timezone = Europe/Athens
	user.variant = 
2018-10-28 11:57:02,631 DEBUG [org.jboss.as.config] (MSC service thread 1-2) VM Arguments: -Dprogram.name=JBossTools: WildFly 13 -Xms64m -Xmx512m -Dorg.jboss.resolver.warning=true -Djava.net.preferIPv4Stack=true -Dsun.rmi.dgc.client.gcInterval=3600000 -Dsun.rmi.dgc.server.gcInterval=3600000 -Djboss.modules.system.pkgs=org.jboss.byteman -Djava.awt.headless=true -Dorg.jboss.boot.log.file=C:\Users\Andru\Desktop\Multi-tiered Software Development\wildfly-13.0.0.Final\standalone\log\boot.log -Dlogging.configuration=file:C:\Users\Andru\Desktop\Multi-tiered Software Development\wildfly-13.0.0.Final\standalone\configuration\logging.properties -Djboss.home.dir=C:\Users\Andru\Desktop\Multi-tiered Software Development\wildfly-13.0.0.Final -Dorg.jboss.logmanager.nocolor=true -Djboss.bind.address.management=localhost -Dfile.encoding=Cp1252 
2018-10-28 11:57:04,745 INFO  [org.jboss.as.controller.management-deprecated] (Controller Boot Thread) WFLYCTL0028: Attribute 'security-realm' in the resource at address '/core-service=management/management-interface=http-interface' is deprecated, and may be removed in a future version. See the attribute description in the output of the read-resource-description operation to learn more about the deprecation.
2018-10-28 11:57:04,769 INFO  [org.wildfly.security] (ServerService Thread Pool -- 22) ELY00001: WildFly Elytron version 1.3.3.Final
2018-10-28 11:57:04,779 INFO  [org.jboss.as.controller.management-deprecated] (ServerService Thread Pool -- 5) WFLYCTL0028: Attribute 'security-realm' in the resource at address '/subsystem=undertow/server=default-server/https-listener=https' is deprecated, and may be removed in a future version. See the attribute description in the output of the read-resource-description operation to learn more about the deprecation.
2018-10-28 11:57:04,875 INFO  [org.jboss.as.server] (Controller Boot Thread) WFLYSRV0039: Creating http management service using socket-binding (management-http)
2018-10-28 11:57:04,896 INFO  [org.xnio] (MSC service thread 1-1) XNIO version 3.6.3.Final
2018-10-28 11:57:04,903 INFO  [org.xnio.nio] (MSC service thread 1-1) XNIO NIO Implementation Version 3.6.3.Final
