2018-10-28 11:57:04,978 INFO  [org.jboss.as.ee] (ServerService Thread Pool -- 41) WFLYEE0119: The system property 'ee8.preview.mode' is NOT set to 'true'. For provided EE 8 APIs where the EE 8 version of the API differs from what is supported in EE 7, the EE 7 variant of the API will be used. Support for this setting will be removed once all EE 8 APIs are provided and certified.
2018-10-28 11:57:04,983 INFO  [org.jboss.as.connector.subsystems.datasources] (ServerService Thread Pool -- 38) WFLYJCA0004: Deploying JDBC-compliant driver class org.h2.Driver (version 1.4)
2018-10-28 11:57:05,049 WARN  [org.jboss.as.txn] (ServerService Thread Pool -- 62) WFLYTX0013: The node-identifier attribute on the /subsystem=transactions is set to the default value. This is a danger for environments running multiple servers. Please make sure the attribute value is unique.
2018-10-28 11:57:05,055 INFO  [org.jboss.as.security] (ServerService Thread Pool -- 60) WFLYSEC0002: Activating Security Subsystem
2018-10-28 11:57:05,069 INFO  [org.jboss.as.jsf] (ServerService Thread Pool -- 52) WFLYJSF0007: Activated the following JSF Implementations: [main]
2018-10-28 11:57:05,094 INFO  [org.jboss.as.naming] (ServerService Thread Pool -- 54) WFLYNAM0001: Activating Naming Subsystem
2018-10-28 11:57:05,098 INFO  [org.jboss.as.security] (MSC service thread 1-8) WFLYSEC0001: Current PicketBox version=5.0.2.Final
2018-10-28 11:57:05,103 INFO  [org.jboss.as.webservices] (ServerService Thread Pool -- 64) WFLYWS0002: Activating WebServices Extension
2018-10-28 11:57:05,116 INFO  [org.jboss.as.jaxrs] (ServerService Thread Pool -- 47) WFLYRS0016: RESTEasy version 3.5.1.Final
2018-10-28 11:57:05,116 INFO  [org.jboss.as.clustering.infinispan] (ServerService Thread Pool -- 45) WFLYCLINF0001: Activating Infinispan subsystem.
2018-10-28 11:57:05,166 INFO  [org.jboss.as.connector] (MSC service thread 1-4) WFLYJCA0009: Starting JCA Subsystem (WildFly/IronJacamar 1.4.9.Final)
2018-10-28 11:57:05,189 INFO  [org.wildfly.extension.undertow] (MSC service thread 1-7) WFLYUT0003: Undertow 2.0.9.Final starting
2018-10-28 11:57:05,275 INFO  [org.jboss.as.naming] (MSC service thread 1-2) WFLYNAM0003: Starting Naming Service
2018-10-28 11:57:05,292 INFO  [org.jboss.as.connector.deployers.jdbc] (MSC service thread 1-4) WFLYJCA0018: Started Driver service with driver-name = h2
2018-10-28 11:57:05,292 INFO  [org.jboss.as.mail.extension] (MSC service thread 1-5) WFLYMAIL0001: Bound mail session [java:jboss/mail/Default]
2018-10-28 11:57:05,521 INFO  [org.wildfly.extension.undertow] (ServerService Thread Pool -- 63) WFLYUT0014: Creating file handler for path 'C:\Users\Andru\Desktop\Multi-tiered Software Development\wildfly-13.0.0.Final/welcome-content' with options [directory-listing: 'false', follow-symlink: 'false', case-sensitive: 'true', safe-symlink-paths: '[]']
2018-10-28 11:57:05,670 INFO  [org.jboss.as.connector.subsystems.datasources] (ServerService Thread Pool -- 38) WFLYJCA0004: Deploying JDBC-compliant driver class oracle.jdbc.OracleDriver (version 12.2)
2018-10-28 11:57:05,684 INFO  [org.jboss.as.connector.deployers.jdbc] (MSC service thread 1-4) WFLYJCA0018: Started Driver service with driver-name = ojdbc8
2018-10-28 11:57:06,132 INFO  [org.wildfly.extension.io] (ServerService Thread Pool -- 46) WFLYIO001: Worker 'default' has auto-configured to 8 core threads with 64 task threads based on your 4 available processors
2018-10-28 11:57:06,142 INFO  [org.jboss.as.ejb3] (MSC service thread 1-6) WFLYEJB0482: Strict pool mdb-strict-max-pool is using a max instance size of 16 (per class), which is derived from the number of CPUs on this host.
2018-10-28 11:57:06,146 INFO  [org.jboss.as.ejb3] (MSC service thread 1-8) WFLYEJB0481: Strict pool slsb-strict-max-pool is using a max instance size of 64 (per class), which is derived from thread worker pool sizing.
2018-10-28 11:57:06,204 INFO  [org.jboss.remoting] (MSC service thread 1-1) JBoss Remoting version 5.0.7.Final
2018-10-28 11:57:06,218 INFO  [org.wildfly.extension.undertow] (MSC service thread 1-6) WFLYUT0012: Started server default-server.
2018-10-28 11:57:06,233 INFO  [org.wildfly.extension.undertow] (MSC service thread 1-1) WFLYUT0018: Host default-host starting
2018-10-28 11:57:06,319 INFO  [org.jboss.as.patching] (MSC service thread 1-8) WFLYPAT0050: WildFly Full cumulative patch ID is: base, one-off patches include: none
2018-10-28 11:57:06,326 WARN  [org.jboss.as.domain.management.security] (MSC service thread 1-2) WFLYDM0111: Keystore C:\Users\Andru\Desktop\Multi-tiered Software Development\wildfly-13.0.0.Final\standalone\configuration\application.keystore not found, it will be auto generated on first use with a self signed certificate for host localhost
2018-10-28 11:57:06,332 INFO  [org.jboss.as.server.deployment.scanner] (MSC service thread 1-2) WFLYDS0013: Started FileSystemDeploymentService for directory C:\Users\Andru\Desktop\Multi-tiered Software Development\wildfly-13.0.0.Final\standalone\deployments
2018-10-28 11:57:06,371 INFO  [org.wildfly.extension.undertow] (MSC service thread 1-6) WFLYUT0006: Undertow HTTP listener default listening on 127.0.0.1:8080
2018-10-28 11:57:06,409 INFO  [org.jboss.as.ejb3] (MSC service thread 1-1) WFLYEJB0493: EJB subsystem suspension complete
2018-10-28 11:57:06,797 INFO  [org.jboss.as.connector.subsystems.datasources] (MSC service thread 1-4) WFLYJCA0001: Bound data source [java:/novalisMSD]
2018-10-28 11:57:06,800 INFO  [org.jboss.as.connector.subsystems.datasources] (MSC service thread 1-5) WFLYJCA0001: Bound data source [java:jboss/datasources/ExampleDS]
2018-10-28 11:57:07,035 INFO  [org.wildfly.extension.undertow] (MSC service thread 1-5) WFLYUT0006: Undertow HTTPS listener https listening on 127.0.0.1:8443
2018-10-28 11:57:07,142 INFO  [org.jboss.ws.common.management] (MSC service thread 1-3) JBWS022052: Starting JBossWS 5.2.1.Final (Apache CXF 3.2.4.jbossorg-1) 
2018-10-28 11:57:07,228 INFO  [org.jboss.as.server] (Controller Boot Thread) WFLYSRV0212: Resuming server
2018-10-28 11:57:07,233 INFO  [org.jboss.as] (Controller Boot Thread) WFLYSRV0060: Http management interface listening on http://127.0.0.1:9990/management
2018-10-28 11:57:07,233 INFO  [org.jboss.as] (Controller Boot Thread) WFLYSRV0051: Admin console listening on http://127.0.0.1:9990
2018-10-28 11:57:07,236 INFO  [org.jboss.as] (Controller Boot Thread) WFLYSRV0025: WildFly Full 13.0.0.Final (WildFly Core 5.0.0.Final) started in 5914ms - Started 297 of 518 services (309 services are lazy, passive or on-demand)
2018-10-28 12:25:31,355 INFO  [org.jboss.as.repository] (management-handler-thread - 3) WFLYDR0001: Content added at location C:\Users\Andru\Desktop\Multi-tiered Software Development\wildfly-13.0.0.Final\standalone\data\content\6d\2345139ea8a9bd2a1d9cd23ffe53819fbdfaa8\content
2018-10-28 12:25:31,397 INFO  [org.jboss.as.server.deployment] (MSC service thread 1-3) WFLYSRV0027: Starting deployment of "SQM4.war" (runtime-name: "SQM4.war")
2018-10-28 12:25:32,369 INFO  [org.jboss.as.jpa] (MSC service thread 1-4) WFLYJPA0002: Read persistence.xml for MSD
2018-10-28 12:25:32,626 INFO  [org.jboss.weld.deployer] (MSC service thread 1-3) WFLYWELD0003: Processing weld deployment SQM4.war
2018-10-28 12:25:32,771 INFO  [org.hibernate.validator.internal.util.Version] (MSC service thread 1-3) HV000001: Hibernate Validator 5.3.6.Final
2018-10-28 12:25:32,858 INFO  [org.jboss.as.ejb3.deployment] (MSC service thread 1-3) WFLYEJB0473: JNDI bindings for session bean named 'DataServiceEJB' in deployment unit 'deployment "SQM4.war"' are as follows:

	java:global/SQM4/DataServiceEJB!org.app.service.ejb.DataService
	java:app/SQM4/DataServiceEJB!org.app.service.ejb.DataService
	java:module/DataServiceEJB!org.app.service.ejb.DataService
	java:jboss/exported/SQM4/DataServiceEJB!org.app.service.ejb.DataService
	ejb:SQM4/DataServiceEJB!org.app.service.ejb.DataService
	java:global/SQM4/DataServiceEJB!org.app.service.ejb.DataServiceEJB
	java:app/SQM4/DataServiceEJB!org.app.service.ejb.DataServiceEJB
	java:module/DataServiceEJB!org.app.service.ejb.DataServiceEJB
	ejb:SQM4/DataServiceEJB!org.app.service.ejb.DataServiceEJB

2018-10-28 12:25:33,298 INFO  [org.jboss.weld.Version] (MSC service thread 1-1) WELD-000900: 3.0.4 (Final)
2018-10-28 12:25:33,511 INFO  [org.infinispan.factories.GlobalComponentRegistry] (MSC service thread 1-2) ISPN000128: Infinispan version: Infinispan 'Gaina' 9.2.4.Final
2018-10-28 12:25:33,776 INFO  [org.jboss.as.clustering.infinispan] (ServerService Thread Pool -- 18) WFLYCLINF0002: Started client-mappings cache from ejb container
2018-10-28 12:25:33,842 ERROR [org.jboss.as.controller.management-operation] (management-handler-thread - 3) WFLYCTL0013: Operation ("add") failed - address: ([("deployment" => "SQM4.war")]) - failure description: {
    "WFLYCTL0412: Required services that are not installed:" => ["jboss.naming.context.java.ORCLFeaaMSD"],
    "WFLYCTL0180: Services with missing/unavailable dependencies" => [
        "jboss.persistenceunit.\"SQM4.war#MSD\" is missing [jboss.naming.context.java.ORCLFeaaMSD]",
        "jboss.persistenceunit.\"SQM4.war#MSD\".__FIRST_PHASE__ is missing [jboss.naming.context.java.ORCLFeaaMSD]"
    ]
}
2018-10-28 12:25:33,844 ERROR [org.jboss.as.server] (management-handler-thread - 3) WFLYSRV0021: Deploy of deployment "SQM4.war" was rolled back with the following failure message: 
{
    "WFLYCTL0412: Required services that are not installed:" => ["jboss.naming.context.java.ORCLFeaaMSD"],
    "WFLYCTL0180: Services with missing/unavailable dependencies" => [
        "jboss.persistenceunit.\"SQM4.war#MSD\" is missing [jboss.naming.context.java.ORCLFeaaMSD]",
        "jboss.persistenceunit.\"SQM4.war#MSD\".__FIRST_PHASE__ is missing [jboss.naming.context.java.ORCLFeaaMSD]"
    ]
}
2018-10-28 12:25:33,904 INFO  [org.jboss.as.server.deployment] (MSC service thread 1-6) WFLYSRV0028: Stopped deployment SQM4.war (runtime-name: SQM4.war) in 59ms
2018-10-28 12:26:57,031 INFO  [org.jboss.as.repository] (management-handler-thread - 3) WFLYDR0001: Content added at location C:\Users\Andru\Desktop\Multi-tiered Software Development\wildfly-13.0.0.Final\standalone\data\content\13\6df03bad210b07fc83397e0cd2fce04f4ce077\content
2018-10-28 12:26:57,033 INFO  [org.jboss.as.server.deployment] (MSC service thread 1-6) WFLYSRV0027: Starting deployment of "SQM4.war" (runtime-name: "SQM4.war")
2018-10-28 12:26:57,843 INFO  [org.jboss.as.jpa] (MSC service thread 1-1) WFLYJPA0002: Read persistence.xml for MSD
2018-10-28 12:26:57,902 INFO  [org.jboss.weld.deployer] (MSC service thread 1-6) WFLYWELD0003: Processing weld deployment SQM4.war
2018-10-28 12:26:57,940 INFO  [org.jboss.as.ejb3.deployment] (MSC service thread 1-6) WFLYEJB0473: JNDI bindings for session bean named 'DataServiceEJB' in deployment unit 'deployment "SQM4.war"' are as follows:

	java:global/SQM4/DataServiceEJB!org.app.service.ejb.DataService
	java:app/SQM4/DataServiceEJB!org.app.service.ejb.DataService
	java:module/DataServiceEJB!org.app.service.ejb.DataService
	java:jboss/exported/SQM4/DataServiceEJB!org.app.service.ejb.DataService
	ejb:SQM4/DataServiceEJB!org.app.service.ejb.DataService
	java:global/SQM4/DataServiceEJB!org.app.service.ejb.DataServiceEJB
	java:app/SQM4/DataServiceEJB!org.app.service.ejb.DataServiceEJB
	java:module/DataServiceEJB!org.app.service.ejb.DataServiceEJB
	ejb:SQM4/DataServiceEJB!org.app.service.ejb.DataServiceEJB

2018-10-28 12:26:58,124 ERROR [org.jboss.as.controller.management-operation] (management-handler-thread - 3) WFLYCTL0013: Operation ("add") failed - address: ([("deployment" => "SQM4.war")]) - failure description: {
    "WFLYCTL0412: Required services that are not installed:" => ["jboss.naming.context.java.ORCLFeaaMSD"],
    "WFLYCTL0180: Services with missing/unavailable dependencies" => [
        "jboss.persistenceunit.\"SQM4.war#MSD\".__FIRST_PHASE__ is missing [jboss.naming.context.java.ORCLFeaaMSD]",
        "jboss.persistenceunit.\"SQM4.war#MSD\" is missing [jboss.naming.context.java.ORCLFeaaMSD]"
    ]
}
2018-10-28 12:26:58,131 ERROR [org.jboss.as.server] (management-handler-thread - 3) WFLYSRV0021: Deploy of deployment "SQM4.war" was rolled back with the following failure message: 
{
    "WFLYCTL0412: Required services that are not installed:" => ["jboss.naming.context.java.ORCLFeaaMSD"],
    "WFLYCTL0180: Services with missing/unavailable dependencies" => [
        "jboss.persistenceunit.\"SQM4.war#MSD\".__FIRST_PHASE__ is missing [jboss.naming.context.java.ORCLFeaaMSD]",
        "jboss.persistenceunit.\"SQM4.war#MSD\" is missing [jboss.naming.context.java.ORCLFeaaMSD]"
    ]
}
2018-10-28 12:26:58,269 INFO  [org.jboss.as.server.deployment] (MSC service thread 1-7) WFLYSRV0028: Stopped deployment SQM4.war (runtime-name: SQM4.war) in 142ms
2018-10-28 12:32:03,188 INFO  [org.jboss.as.repository] (ServerService Thread Pool -- 35) WFLYDR0009: Content C:\Users\Andru\Desktop\Multi-tiered Software Development\wildfly-13.0.0.Final\standalone\data\content\13\6df03bad210b07fc83397e0cd2fce04f4ce077 is obsolete and will be removed
2018-10-28 12:32:03,207 INFO  [org.jboss.as.repository] (ServerService Thread Pool -- 35) WFLYDR0002: Content removed from location C:\Users\Andru\Desktop\Multi-tiered Software Development\wildfly-13.0.0.Final\standalone\data\content\13\6df03bad210b07fc83397e0cd2fce04f4ce077\content
2018-10-28 12:32:03,208 INFO  [org.jboss.as.repository] (ServerService Thread Pool -- 35) WFLYDR0009: Content C:\Users\Andru\Desktop\Multi-tiered Software Development\wildfly-13.0.0.Final\standalone\data\content\6d\2345139ea8a9bd2a1d9cd23ffe53819fbdfaa8 is obsolete and will be removed
2018-10-28 12:32:03,218 INFO  [org.jboss.as.repository] (ServerService Thread Pool -- 35) WFLYDR0002: Content removed from location C:\Users\Andru\Desktop\Multi-tiered Software Development\wildfly-13.0.0.Final\standalone\data\content\6d\2345139ea8a9bd2a1d9cd23ffe53819fbdfaa8\content
2018-10-28 12:33:30,282 INFO  [org.jboss.as.repository] (management-handler-thread - 3) WFLYDR0001: Content added at location C:\Users\Andru\Desktop\Multi-tiered Software Development\wildfly-13.0.0.Final\standalone\data\content\60\8de57c72b8e92651442cb89f19bcd8543dd752\content
2018-10-28 12:33:30,285 INFO  [org.jboss.as.server.deployment] (MSC service thread 1-8) WFLYSRV0027: Starting deployment of "SQM4.war" (runtime-name: "SQM4.war")
2018-10-28 12:33:30,590 INFO  [org.jboss.as.jpa] (MSC service thread 1-1) WFLYJPA0002: Read persistence.xml for MSD
2018-10-28 12:33:30,644 INFO  [org.jboss.weld.deployer] (MSC service thread 1-4) WFLYWELD0003: Processing weld deployment SQM4.war
2018-10-28 12:33:30,675 INFO  [org.jboss.as.ejb3.deployment] (MSC service thread 1-4) WFLYEJB0473: JNDI bindings for session bean named 'DataServiceEJB' in deployment unit 'deployment "SQM4.war"' are as follows:

	java:global/SQM4/DataServiceEJB!org.app.service.ejb.DataService
	java:app/SQM4/DataServiceEJB!org.app.service.ejb.DataService
	java:module/DataServiceEJB!org.app.service.ejb.DataService
	java:jboss/exported/SQM4/DataServiceEJB!org.app.service.ejb.DataService
	ejb:SQM4/DataServiceEJB!org.app.service.ejb.DataService
	java:global/SQM4/DataServiceEJB!org.app.service.ejb.DataServiceEJB
	java:app/SQM4/DataServiceEJB!org.app.service.ejb.DataServiceEJB
	java:module/DataServiceEJB!org.app.service.ejb.DataServiceEJB
	ejb:SQM4/DataServiceEJB!org.app.service.ejb.DataServiceEJB

2018-10-28 12:33:30,861 ERROR [org.jboss.as.controller.management-operation] (management-handler-thread - 3) WFLYCTL0013: Operation ("add") failed - address: ([("deployment" => "SQM4.war")]) - failure description: {
    "WFLYCTL0412: Required services that are not installed:" => ["jboss.naming.context.java.ORCLFeaaMSD"],
    "WFLYCTL0180: Services with missing/unavailable dependencies" => [
        "jboss.persistenceunit.\"SQM4.war#MSD\".__FIRST_PHASE__ is missing [jboss.naming.context.java.ORCLFeaaMSD]",
        "jboss.persistenceunit.\"SQM4.war#MSD\" is missing [jboss.naming.context.java.ORCLFeaaMSD]"
    ]
}
2018-10-28 12:33:30,864 ERROR [org.jboss.as.server] (management-handler-thread - 3) WFLYSRV0021: Deploy of deployment "SQM4.war" was rolled back with the following failure message: 
{
    "WFLYCTL0412: Required services that are not installed:" => ["jboss.naming.context.java.ORCLFeaaMSD"],
    "WFLYCTL0180: Services with missing/unavailable dependencies" => [
        "jboss.persistenceunit.\"SQM4.war#MSD\".__FIRST_PHASE__ is missing [jboss.naming.context.java.ORCLFeaaMSD]",
        "jboss.persistenceunit.\"SQM4.war#MSD\" is missing [jboss.naming.context.java.ORCLFeaaMSD]"
    ]
}
2018-10-28 12:33:30,980 INFO  [org.jboss.as.server.deployment] (MSC service thread 1-7) WFLYSRV0028: Stopped deployment SQM4.war (runtime-name: SQM4.war) in 116ms
2018-10-28 12:35:03,571 INFO  [org.jboss.as.repository] (management-handler-thread - 3) WFLYDR0001: Content added at location C:\Users\Andru\Desktop\Multi-tiered Software Development\wildfly-13.0.0.Final\standalone\data\content\7a\b5d6df671aa7cfa73112e07bd7a240a140796d\content
2018-10-28 12:35:03,575 INFO  [org.jboss.as.server.deployment] (MSC service thread 1-4) WFLYSRV0027: Starting deployment of "SQM4.war" (runtime-name: "SQM4.war")
2018-10-28 12:35:04,150 INFO  [org.jboss.as.jpa] (MSC service thread 1-2) WFLYJPA0002: Read persistence.xml for MSD
2018-10-28 12:35:04,326 INFO  [org.jboss.weld.deployer] (MSC service thread 1-6) WFLYWELD0003: Processing weld deployment SQM4.war
2018-10-28 12:35:04,397 INFO  [org.jboss.as.ejb3.deployment] (MSC service thread 1-6) WFLYEJB0473: JNDI bindings for session bean named 'DataServiceEJB' in deployment unit 'deployment "SQM4.war"' are as follows:

	java:global/SQM4/DataServiceEJB!org.app.service.ejb.DataService
	java:app/SQM4/DataServiceEJB!org.app.service.ejb.DataService
	java:module/DataServiceEJB!org.app.service.ejb.DataService
	java:jboss/exported/SQM4/DataServiceEJB!org.app.service.ejb.DataService
	ejb:SQM4/DataServiceEJB!org.app.service.ejb.DataService
	java:global/SQM4/DataServiceEJB!org.app.service.ejb.DataServiceEJB
	java:app/SQM4/DataServiceEJB!org.app.service.ejb.DataServiceEJB
	java:module/DataServiceEJB!org.app.service.ejb.DataServiceEJB
	ejb:SQM4/DataServiceEJB!org.app.service.ejb.DataServiceEJB

2018-10-28 12:35:04,523 ERROR [org.jboss.as.controller.management-operation] (management-handler-thread - 3) WFLYCTL0013: Operation ("add") failed - address: ([("deployment" => "SQM4.war")]) - failure description: {
    "WFLYCTL0412: Required services that are not installed:" => ["jboss.naming.context.java.ORCLFeaaMSD"],
    "WFLYCTL0180: Services with missing/unavailable dependencies" => [
        "jboss.persistenceunit.\"SQM4.war#MSD\" is missing [jboss.naming.context.java.ORCLFeaaMSD]",
        "jboss.persistenceunit.\"SQM4.war#MSD\".__FIRST_PHASE__ is missing [jboss.naming.context.java.ORCLFeaaMSD]"
    ]
}
2018-10-28 12:35:04,523 ERROR [org.jboss.as.server] (management-handler-thread - 3) WFLYSRV0021: Deploy of deployment "SQM4.war" was rolled back with the following failure message: 
{
    "WFLYCTL0412: Required services that are not installed:" => ["jboss.naming.context.java.ORCLFeaaMSD"],
    "WFLYCTL0180: Services with missing/unavailable dependencies" => [
        "jboss.persistenceunit.\"SQM4.war#MSD\" is missing [jboss.naming.context.java.ORCLFeaaMSD]",
        "jboss.persistenceunit.\"SQM4.war#MSD\".__FIRST_PHASE__ is missing [jboss.naming.context.java.ORCLFeaaMSD]"
    ]
}
2018-10-28 12:35:04,576 INFO  [org.jboss.as.server.deployment] (MSC service thread 1-5) WFLYSRV0028: Stopped deployment SQM4.war (runtime-name: SQM4.war) in 52ms
2018-10-28 12:40:10,574 INFO  [org.jboss.as.server] (management-handler-thread - 3) WFLYSRV0236: Suspending server with no timeout.
2018-10-28 12:40:10,580 INFO  [org.jboss.as.ejb3] (management-handler-thread - 3) WFLYEJB0493: EJB subsystem suspension complete
2018-10-28 12:40:10,586 INFO  [org.jboss.as.server] (Management Triggered Shutdown) WFLYSRV0241: Shutting down in response to management operation 'shutdown'
2018-10-28 12:40:10,661 INFO  [org.wildfly.extension.undertow] (MSC service thread 1-7) WFLYUT0019: Host default-host stopping
2018-10-28 12:40:10,664 INFO  [org.jboss.as.connector.subsystems.datasources] (MSC service thread 1-3) WFLYJCA0010: Unbound data source [java:jboss/datasources/ExampleDS]
2018-10-28 12:40:10,665 INFO  [org.jboss.as.connector.subsystems.datasources] (MSC service thread 1-5) WFLYJCA0010: Unbound data source [java:/novalisMSD]
2018-10-28 12:40:10,675 INFO  [org.wildfly.extension.undertow] (MSC service thread 1-7) WFLYUT0008: Undertow HTTPS listener https suspending
2018-10-28 12:40:10,690 INFO  [org.jboss.as.connector.deployers.jdbc] (MSC service thread 1-2) WFLYJCA0019: Stopped Driver service with driver-name = h2
2018-10-28 12:40:10,699 INFO  [org.jboss.as.clustering.infinispan] (ServerService Thread Pool -- 74) WFLYCLINF0003: Stopped client-mappings cache from ejb container
2018-10-28 12:40:10,730 INFO  [org.jboss.as.connector.deployers.jdbc] (MSC service thread 1-4) WFLYJCA0019: Stopped Driver service with driver-name = ojdbc8
2018-10-28 12:40:10,748 INFO  [org.wildfly.extension.undertow] (MSC service thread 1-5) WFLYUT0008: Undertow HTTP listener default suspending
2018-10-28 12:40:10,762 INFO  [org.wildfly.extension.undertow] (MSC service thread 1-7) WFLYUT0007: Undertow HTTPS listener https stopped, was bound to 127.0.0.1:8443
2018-10-28 12:40:10,762 INFO  [org.wildfly.extension.undertow] (MSC service thread 1-5) WFLYUT0007: Undertow HTTP listener default stopped, was bound to 127.0.0.1:8080
2018-10-28 12:40:10,763 INFO  [org.wildfly.extension.undertow] (MSC service thread 1-2) WFLYUT0004: Undertow 2.0.9.Final stopping
2018-10-28 12:40:10,779 INFO  [org.jboss.as] (MSC service thread 1-1) WFLYSRV0050: WildFly Full 13.0.0.Final (WildFly Core 5.0.0.Final) stopped in 165ms
2018-10-28 12:40:12,622 INFO  [org.jboss.modules] (main) JBoss Modules version 1.8.5.Final
2018-10-28 12:40:13,032 INFO  [org.jboss.msc] (main) JBoss MSC version 1.4.2.Final
2018-10-28 12:40:13,043 INFO  [org.jboss.threads] (main) JBoss Threads version 2.3.2.Final
2018-10-28 12:40:13,162 INFO  [org.jboss.as] (MSC service thread 1-2) WFLYSRV0049: WildFly Full 13.0.0.Final (WildFly Core 5.0.0.Final) starting
2018-10-28 12:40:13,164 DEBUG [org.jboss.as.config] (MSC service thread 1-2) Configured system properties:
	awt.toolkit = sun.awt.windows.WToolkit
	file.encoding = Cp1252
	file.encoding.pkg = sun.io
	file.separator = \
	java.awt.graphicsenv = sun.awt.Win32GraphicsEnvironment
	java.awt.headless = true
	java.awt.printerjob = sun.awt.windows.WPrinterJob
	java.class.path = C:\Users\Andru\Desktop\Multi-tiered Software Development\wildfly-13.0.0.Final\jboss-modules.jar;C:\Program Files\Java\jdk1.8.0_191\jre\lib\resources.jar;C:\Program Files\Java\jdk1.8.0_191\jre\lib\rt.jar;C:\Program Files\Java\jdk1.8.0_191\jre\lib\jsse.jar;C:\Program Files\Java\jdk1.8.0_191\jre\lib\jce.jar;C:\Program Files\Java\jdk1.8.0_191\jre\lib\charsets.jar;C:\Program Files\Java\jdk1.8.0_191\jre\lib\jfr.jar
	java.class.version = 52.0
	java.endorsed.dirs = C:\Program Files\Java\jdk1.8.0_191\jre\lib\endorsed
	java.ext.dirs = C:\Program Files\Java\jdk1.8.0_191\jre\lib\ext;C:\WINDOWS\Sun\Java\lib\ext
	java.home = C:\Program Files\Java\jdk1.8.0_191\jre
	java.io.tmpdir = C:\Users\Andru\AppData\Local\Temp\
	java.library.path = C:\Program Files\Java\jdk1.8.0_191\bin;C:\WINDOWS\Sun\Java\bin;C:\WINDOWS\system32;C:\WINDOWS;native;C:/Program Files/Java/jre1.8.0_191/bin/server;C:/Program Files/Java/jre1.8.0_191/bin;C:/Program Files/Java/jre1.8.0_191/lib/amd64;C:\Program Files\WinRAR;D:\app\Andru\product\12.2.0\dbhome_2\bin;D:\app\Andru\product\12.2.0\dbhome_1\bin;C:\Users\Andru\Desktop\DbLogicInBusinessApplications\product\12.2.0\dbhome_1\bin;C:\Program Files (x86)\Common Files\Oracle\Java\javapath;C:\WINDOWS\system32;C:\WINDOWS;C:\WINDOWS\System32\Wbem;C:\WINDOWS\System32\WindowsPowerShell\v1.0\;C:\Program Files\PuTTY\;C:\WINDOWS\System32\OpenSSH\;C:\Program Files\Git\cmd;C:\Users\Andru\AppData\Local\Microsoft\WindowsApps;;C:\Users\Andru\AppData\Local\Temp\Rar$EXa17264.32810\eclipse;;.
	java.net.preferIPv4Stack = true
	java.runtime.name = Java(TM) SE Runtime Environment
	java.runtime.version = 1.8.0_191-b12
	java.specification.name = Java Platform API Specification
	java.specification.vendor = Oracle Corporation
	java.specification.version = 1.8
	java.util.logging.manager = org.jboss.logmanager.LogManager
	java.vendor = Oracle Corporation
	java.vendor.url = http://java.oracle.com/
	java.vendor.url.bug = http://bugreport.sun.com/bugreport/
	java.version = 1.8.0_191
	java.vm.info = mixed mode
	java.vm.name = Java HotSpot(TM) 64-Bit Server VM
	java.vm.specification.name = Java Virtual Machine Specification
	java.vm.specification.vendor = Oracle Corporation
	java.vm.specification.version = 1.8
	java.vm.vendor = Oracle Corporation
	java.vm.version = 25.191-b12
	javax.management.builder.initial = org.jboss.as.jmx.PluggableMBeanServerBuilder
	jboss.bind.address = localhost
	jboss.bind.address.management = localhost
	jboss.home.dir = C:\Users\Andru\Desktop\Multi-tiered Software Development\wildfly-13.0.0.Final
	jboss.host.name = desktop-ogprso7
	jboss.modules.dir = C:\Users\Andru\Desktop\Multi-tiered Software Development\wildfly-13.0.0.Final\modules
	jboss.modules.system.pkgs = org.jboss.byteman
	jboss.node.name = desktop-ogprso7
	jboss.qualified.host.name = desktop-ogprso7
	jboss.server.base.dir = C:\Users\Andru\Desktop\Multi-tiered Software Development\wildfly-13.0.0.Final\standalone
	jboss.server.config.dir = C:\Users\Andru\Desktop\Multi-tiered Software Development\wildfly-13.0.0.Final\standalone\configuration
	jboss.server.data.dir = C:\Users\Andru\Desktop\Multi-tiered Software Development\wildfly-13.0.0.Final\standalone\data
	jboss.server.deploy.dir = C:\Users\Andru\Desktop\Multi-tiered Software Development\wildfly-13.0.0.Final\standalone\data\content
	jboss.server.log.dir = C:\Users\Andru\Desktop\Multi-tiered Software Development\wildfly-13.0.0.Final\standalone\log
	jboss.server.name = desktop-ogprso7
	jboss.server.persist.config = true
	jboss.server.temp.dir = C:\Users\Andru\Desktop\Multi-tiered Software Development\wildfly-13.0.0.Final\standalone\tmp
	line.separator = 

	logging.configuration = file:C:\Users\Andru\Desktop\Multi-tiered Software Development\wildfly-13.0.0.Final\standalone\configuration\logging.properties
	module.path = C:\Users\Andru\Desktop\Multi-tiered Software Development\wildfly-13.0.0.Final\modules
	org.jboss.boot.log.file = C:\Users\Andru\Desktop\Multi-tiered Software Development\wildfly-13.0.0.Final\standalone\log\boot.log
	org.jboss.logmanager.nocolor = true
	org.jboss.resolver.warning = true
	os.arch = amd64
	os.name = Windows 10
	os.version = 10.0
	path.separator = ;
	program.name = JBossTools: WildFly 13
	sun.arch.data.model = 64
	sun.boot.class.path = C:\Program Files\Java\jdk1.8.0_191\jre\lib\resources.jar;C:\Program Files\Java\jdk1.8.0_191\jre\lib\rt.jar;C:\Program Files\Java\jdk1.8.0_191\jre\lib\sunrsasign.jar;C:\Program Files\Java\jdk1.8.0_191\jre\lib\jsse.jar;C:\Program Files\Java\jdk1.8.0_191\jre\lib\jce.jar;C:\Program Files\Java\jdk1.8.0_191\jre\lib\charsets.jar;C:\Program Files\Java\jdk1.8.0_191\jre\lib\jfr.jar;C:\Program Files\Java\jdk1.8.0_191\jre\classes
	sun.boot.library.path = C:\Program Files\Java\jdk1.8.0_191\jre\bin
	sun.cpu.endian = little
	sun.cpu.isalist = amd64
	sun.desktop = windows
	sun.io.unicode.encoding = UnicodeLittle
	sun.java.command = org.jboss.modules.Main -mp C:\Users\Andru\Desktop\Multi-tiered Software Development\wildfly-13.0.0.Final\modules org.jboss.as.standalone -b localhost --server-config=standalone.xml -Djboss.server.base.dir=C:\Users\Andru\Desktop\Multi-tiered Software Development\wildfly-13.0.0.Final\standalone
	sun.java.launcher = SUN_STANDARD
	sun.jnu.encoding = Cp1252
	sun.management.compiler = HotSpot 64-Bit Tiered Compilers
	sun.os.patch.level = 
	sun.rmi.dgc.client.gcInterval = 3600000
	sun.rmi.dgc.server.gcInterval = 3600000
	user.country = US
	user.dir = C:\Users\Andru\Desktop\Multi-tiered Software Development\wildfly-13.0.0.Final\bin
	user.home = C:\Users\Andru
	user.language = en
	user.name = Andru
	user.script = 
	user.timezone = Europe/Athens
	user.variant = 
2018-10-28 12:40:13,165 DEBUG [org.jboss.as.config] (MSC service thread 1-2) VM Arguments: -Dprogram.name=JBossTools: WildFly 13 -Xms64m -Xmx512m -Dorg.jboss.resolver.warning=true -Djava.net.preferIPv4Stack=true -Dsun.rmi.dgc.client.gcInterval=3600000 -Dsun.rmi.dgc.server.gcInterval=3600000 -Djboss.modules.system.pkgs=org.jboss.byteman -Djava.awt.headless=true -Dorg.jboss.boot.log.file=C:\Users\Andru\Desktop\Multi-tiered Software Development\wildfly-13.0.0.Final\standalone\log\boot.log -Dlogging.configuration=file:C:\Users\Andru\Desktop\Multi-tiered Software Development\wildfly-13.0.0.Final\standalone\configuration\logging.properties -Djboss.home.dir=C:\Users\Andru\Desktop\Multi-tiered Software Development\wildfly-13.0.0.Final -Dorg.jboss.logmanager.nocolor=true -Djboss.bind.address.management=localhost -Dfile.encoding=Cp1252 
2018-10-28 12:40:15,300 INFO  [org.jboss.as.controller.management-deprecated] (Controller Boot Thread) WFLYCTL0028: Attribute 'security-realm' in the resource at address '/core-service=management/management-interface=http-interface' is deprecated, and may be removed in a future version. See the attribute description in the output of the read-resource-description operation to learn more about the deprecation.
2018-10-28 12:40:15,364 INFO  [org.wildfly.security] (ServerService Thread Pool -- 21) ELY00001: WildFly Elytron version 1.3.3.Final
2018-10-28 12:40:15,396 INFO  [org.jboss.as.controller.management-deprecated] (ServerService Thread Pool -- 22) WFLYCTL0028: Attribute 'security-realm' in the resource at address '/subsystem=undertow/server=default-server/https-listener=https' is deprecated, and may be removed in a future version. See the attribute description in the output of the read-resource-description operation to learn more about the deprecation.
2018-10-28 12:40:15,448 INFO  [org.jboss.as.server] (Controller Boot Thread) WFLYSRV0039: Creating http management service using socket-binding (management-http)
2018-10-28 12:40:15,477 INFO  [org.xnio] (MSC service thread 1-1) XNIO version 3.6.3.Final
2018-10-28 12:40:15,488 INFO  [org.xnio.nio] (MSC service thread 1-1) XNIO NIO Implementation Version 3.6.3.Final
2018-10-28 12:40:15,569 INFO  [org.jboss.as.connector.subsystems.datasources] (ServerService Thread Pool -- 38) WFLYJCA0004: Deploying JDBC-compliant driver class org.h2.Driver (version 1.4)
2018-10-28 12:40:15,579 INFO  [org.jboss.as.ee] (ServerService Thread Pool -- 41) WFLYEE0119: The system property 'ee8.preview.mode' is NOT set to 'true'. For provided EE 8 APIs where the EE 8 version of the API differs from what is supported in EE 7, the EE 7 variant of the API will be used. Support for this setting will be removed once all EE 8 APIs are provided and certified.
2018-10-28 12:40:15,607 INFO  [org.jboss.as.clustering.infinispan] (ServerService Thread Pool -- 45) WFLYCLINF0001: Activating Infinispan subsystem.
2018-10-28 12:40:15,686 INFO  [org.jboss.as.connector] (MSC service thread 1-3) WFLYJCA0009: Starting JCA Subsystem (WildFly/IronJacamar 1.4.9.Final)
2018-10-28 12:40:15,688 INFO  [org.jboss.as.connector.deployers.jdbc] (MSC service thread 1-3) WFLYJCA0018: Started Driver service with driver-name = h2
2018-10-28 12:40:15,726 INFO  [org.jboss.as.jsf] (ServerService Thread Pool -- 52) WFLYJSF0007: Activated the following JSF Implementations: [main]
2018-10-28 12:40:15,739 INFO  [org.jboss.as.webservices] (ServerService Thread Pool -- 64) WFLYWS0002: Activating WebServices Extension
2018-10-28 12:40:15,750 WARN  [org.jboss.as.txn] (ServerService Thread Pool -- 62) WFLYTX0013: The node-identifier attribute on the /subsystem=transactions is set to the default value. This is a danger for environments running multiple servers. Please make sure the attribute value is unique.
2018-10-28 12:40:15,755 INFO  [org.jboss.as.security] (ServerService Thread Pool -- 60) WFLYSEC0002: Activating Security Subsystem
2018-10-28 12:40:15,769 INFO  [org.jboss.as.security] (MSC service thread 1-3) WFLYSEC0001: Current PicketBox version=5.0.2.Final
2018-10-28 12:40:15,779 INFO  [org.jboss.as.jaxrs] (ServerService Thread Pool -- 47) WFLYRS0016: RESTEasy version 3.5.1.Final
2018-10-28 12:40:15,806 INFO  [org.jboss.as.naming] (ServerService Thread Pool -- 54) WFLYNAM0001: Activating Naming Subsystem
2018-10-28 12:40:15,850 INFO  [org.wildfly.extension.undertow] (MSC service thread 1-8) WFLYUT0003: Undertow 2.0.9.Final starting
2018-10-28 12:40:15,891 INFO  [org.jboss.as.naming] (MSC service thread 1-4) WFLYNAM0003: Starting Naming Service
2018-10-28 12:40:15,892 INFO  [org.jboss.as.mail.extension] (MSC service thread 1-4) WFLYMAIL0001: Bound mail session [java:jboss/mail/Default]
2018-10-28 12:40:16,045 INFO  [org.jboss.as.connector.subsystems.datasources] (ServerService Thread Pool -- 38) WFLYJCA0004: Deploying JDBC-compliant driver class oracle.jdbc.OracleDriver (version 12.2)
2018-10-28 12:40:16,050 INFO  [org.jboss.as.connector.deployers.jdbc] (MSC service thread 1-3) WFLYJCA0018: Started Driver service with driver-name = ojdbc8
2018-10-28 12:40:16,098 INFO  [org.wildfly.extension.undertow] (ServerService Thread Pool -- 63) WFLYUT0014: Creating file handler for path 'C:\Users\Andru\Desktop\Multi-tiered Software Development\wildfly-13.0.0.Final/welcome-content' with options [directory-listing: 'false', follow-symlink: 'false', case-sensitive: 'true', safe-symlink-paths: '[]']
2018-10-28 12:40:16,426 INFO  [org.wildfly.extension.io] (ServerService Thread Pool -- 46) WFLYIO001: Worker 'default' has auto-configured to 8 core threads with 64 task threads based on your 4 available processors
2018-10-28 12:40:16,476 INFO  [org.jboss.as.ejb3] (MSC service thread 1-8) WFLYEJB0481: Strict pool slsb-strict-max-pool is using a max instance size of 64 (per class), which is derived from thread worker pool sizing.
2018-10-28 12:40:16,479 INFO  [org.jboss.as.ejb3] (MSC service thread 1-8) WFLYEJB0482: Strict pool mdb-strict-max-pool is using a max instance size of 16 (per class), which is derived from the number of CPUs on this host.
2018-10-28 12:40:16,534 INFO  [org.jboss.remoting] (MSC service thread 1-3) JBoss Remoting version 5.0.7.Final
2018-10-28 12:40:16,539 INFO  [org.wildfly.extension.undertow] (MSC service thread 1-1) WFLYUT0012: Started server default-server.
2018-10-28 12:40:16,552 INFO  [org.wildfly.extension.undertow] (MSC service thread 1-2) WFLYUT0018: Host default-host starting
2018-10-28 12:40:16,616 INFO  [org.jboss.as.patching] (MSC service thread 1-5) WFLYPAT0050: WildFly Full cumulative patch ID is: base, one-off patches include: none
2018-10-28 12:40:16,667 INFO  [org.wildfly.extension.undertow] (MSC service thread 1-7) WFLYUT0006: Undertow HTTP listener default listening on 127.0.0.1:8080
2018-10-28 12:40:16,672 INFO  [org.jboss.as.server.deployment.scanner] (MSC service thread 1-2) WFLYDS0013: Started FileSystemDeploymentService for directory C:\Users\Andru\Desktop\Multi-tiered Software Development\wildfly-13.0.0.Final\standalone\deployments
2018-10-28 12:40:16,681 WARN  [org.jboss.as.domain.management.security] (MSC service thread 1-1) WFLYDM0111: Keystore C:\Users\Andru\Desktop\Multi-tiered Software Development\wildfly-13.0.0.Final\standalone\configuration\application.keystore not found, it will be auto generated on first use with a self signed certificate for host localhost
2018-10-28 12:40:16,734 INFO  [org.jboss.as.ejb3] (MSC service thread 1-7) WFLYEJB0493: EJB subsystem suspension complete
2018-10-28 12:40:17,033 INFO  [org.jboss.as.connector.subsystems.datasources] (MSC service thread 1-4) WFLYJCA0001: Bound data source [java:jboss/datasources/ExampleDS]
2018-10-28 12:40:17,033 INFO  [org.jboss.as.connector.subsystems.datasources] (MSC service thread 1-7) WFLYJCA0001: Bound data source [java:/novalisMSD]
2018-10-28 12:40:17,336 INFO  [org.wildfly.extension.undertow] (MSC service thread 1-6) WFLYUT0006: Undertow HTTPS listener https listening on 127.0.0.1:8443
2018-10-28 12:40:17,417 INFO  [org.jboss.ws.common.management] (MSC service thread 1-4) JBWS022052: Starting JBossWS 5.2.1.Final (Apache CXF 3.2.4.jbossorg-1) 
2018-10-28 12:40:17,519 INFO  [org.jboss.as.server] (Controller Boot Thread) WFLYSRV0212: Resuming server
2018-10-28 12:40:17,521 INFO  [org.jboss.as] (Controller Boot Thread) WFLYSRV0060: Http management interface listening on http://127.0.0.1:9990/management
2018-10-28 12:40:17,521 INFO  [org.jboss.as] (Controller Boot Thread) WFLYSRV0051: Admin console listening on http://127.0.0.1:9990
2018-10-28 12:40:17,522 INFO  [org.jboss.as] (Controller Boot Thread) WFLYSRV0025: WildFly Full 13.0.0.Final (WildFly Core 5.0.0.Final) started in 5315ms - Started 297 of 518 services (309 services are lazy, passive or on-demand)
2018-10-28 12:43:04,453 INFO  [org.jboss.as.repository] (management-handler-thread - 1) WFLYDR0001: Content added at location C:\Users\Andru\Desktop\Multi-tiered Software Development\wildfly-13.0.0.Final\standalone\data\content\e5\383f8d95030926aba551b79e5d9d6d4b7a1aee\content
2018-10-28 12:43:04,476 INFO  [org.jboss.as.server.deployment] (MSC service thread 1-4) WFLYSRV0027: Starting deployment of "SQM4.war" (runtime-name: "SQM4.war")
2018-10-28 12:43:05,430 INFO  [org.jboss.as.jpa] (MSC service thread 1-3) WFLYJPA0002: Read persistence.xml for MSD
2018-10-28 12:43:05,580 INFO  [org.jboss.weld.deployer] (MSC service thread 1-3) WFLYWELD0003: Processing weld deployment SQM4.war
2018-10-28 12:43:05,662 INFO  [org.hibernate.validator.internal.util.Version] (MSC service thread 1-3) HV000001: Hibernate Validator 5.3.6.Final
2018-10-28 12:43:05,716 INFO  [org.jboss.as.ejb3.deployment] (MSC service thread 1-3) WFLYEJB0473: JNDI bindings for session bean named 'DataServiceEJB' in deployment unit 'deployment "SQM4.war"' are as follows:

	java:global/SQM4/DataServiceEJB!org.app.service.ejb.DataService
	java:app/SQM4/DataServiceEJB!org.app.service.ejb.DataService
	java:module/DataServiceEJB!org.app.service.ejb.DataService
	java:jboss/exported/SQM4/DataServiceEJB!org.app.service.ejb.DataService
	ejb:SQM4/DataServiceEJB!org.app.service.ejb.DataService
	java:global/SQM4/DataServiceEJB!org.app.service.ejb.DataServiceEJB
	java:app/SQM4/DataServiceEJB!org.app.service.ejb.DataServiceEJB
	java:module/DataServiceEJB!org.app.service.ejb.DataServiceEJB
	ejb:SQM4/DataServiceEJB!org.app.service.ejb.DataServiceEJB

2018-10-28 12:43:06,150 INFO  [org.jboss.weld.Version] (MSC service thread 1-2) WELD-000900: 3.0.4 (Final)
2018-10-28 12:43:06,384 INFO  [org.infinispan.factories.GlobalComponentRegistry] (MSC service thread 1-4) ISPN000128: Infinispan version: Infinispan 'Gaina' 9.2.4.Final
2018-10-28 12:43:06,605 INFO  [org.jboss.as.clustering.infinispan] (ServerService Thread Pool -- 33) WFLYCLINF0002: Started client-mappings cache from ejb container
2018-10-28 12:43:06,655 ERROR [org.jboss.as.controller.management-operation] (management-handler-thread - 1) WFLYCTL0013: Operation ("add") failed - address: ([("deployment" => "SQM4.war")]) - failure description: {
    "WFLYCTL0412: Required services that are not installed:" => ["jboss.naming.context.java.ORCLFeaaMSD"],
    "WFLYCTL0180: Services with missing/unavailable dependencies" => [
        "jboss.persistenceunit.\"SQM4.war#MSD\".__FIRST_PHASE__ is missing [jboss.naming.context.java.ORCLFeaaMSD]",
        "jboss.persistenceunit.\"SQM4.war#MSD\" is missing [jboss.naming.context.java.ORCLFeaaMSD]"
    ]
}
2018-10-28 12:43:06,656 ERROR [org.jboss.as.server] (management-handler-thread - 1) WFLYSRV0021: Deploy of deployment "SQM4.war" was rolled back with the following failure message: 
{
    "WFLYCTL0412: Required services that are not installed:" => ["jboss.naming.context.java.ORCLFeaaMSD"],
    "WFLYCTL0180: Services with missing/unavailable dependencies" => [
        "jboss.persistenceunit.\"SQM4.war#MSD\".__FIRST_PHASE__ is missing [jboss.naming.context.java.ORCLFeaaMSD]",
        "jboss.persistenceunit.\"SQM4.war#MSD\" is missing [jboss.naming.context.java.ORCLFeaaMSD]"
    ]
}
2018-10-28 12:43:06,707 INFO  [org.jboss.as.server.deployment] (MSC service thread 1-2) WFLYSRV0028: Stopped deployment SQM4.war (runtime-name: SQM4.war) in 50ms
2018-10-28 12:46:29,819 INFO  [org.jboss.modules] (main) JBoss Modules version 1.8.5.Final
2018-10-28 12:46:30,664 INFO  [org.jboss.msc] (main) JBoss MSC version 1.4.2.Final
2018-10-28 12:46:30,685 INFO  [org.jboss.threads] (main) JBoss Threads version 2.3.2.Final
2018-10-28 12:46:30,863 INFO  [org.jboss.as] (MSC service thread 1-1) WFLYSRV0049: WildFly Full 13.0.0.Final (WildFly Core 5.0.0.Final) starting
2018-10-28 12:46:30,864 DEBUG [org.jboss.as.config] (MSC service thread 1-1) Configured system properties:
	awt.toolkit = sun.awt.windows.WToolkit
	file.encoding = Cp1252
	file.encoding.pkg = sun.io
	file.separator = \
	java.awt.graphicsenv = sun.awt.Win32GraphicsEnvironment
	java.awt.headless = true
	java.awt.printerjob = sun.awt.windows.WPrinterJob
	java.class.path = C:\Users\Andru\Desktop\Multi-tiered Software Development\wildfly-13.0.0.Final\jboss-modules.jar;C:\Program Files\Java\jdk1.8.0_191\jre\lib\resources.jar;C:\Program Files\Java\jdk1.8.0_191\jre\lib\rt.jar;C:\Program Files\Java\jdk1.8.0_191\jre\lib\jsse.jar;C:\Program Files\Java\jdk1.8.0_191\jre\lib\jce.jar;C:\Program Files\Java\jdk1.8.0_191\jre\lib\charsets.jar;C:\Program Files\Java\jdk1.8.0_191\jre\lib\jfr.jar
	java.class.version = 52.0
	java.endorsed.dirs = C:\Program Files\Java\jdk1.8.0_191\jre\lib\endorsed
	java.ext.dirs = C:\Program Files\Java\jdk1.8.0_191\jre\lib\ext;C:\WINDOWS\Sun\Java\lib\ext
	java.home = C:\Program Files\Java\jdk1.8.0_191\jre
	java.io.tmpdir = C:\Users\Andru\AppData\Local\Temp\
	java.library.path = C:\Program Files\Java\jdk1.8.0_191\bin;C:\WINDOWS\Sun\Java\bin;C:\WINDOWS\system32;C:\WINDOWS;native;C:/Program Files/Java/jre1.8.0_191/bin/server;C:/Program Files/Java/jre1.8.0_191/bin;C:/Program Files/Java/jre1.8.0_191/lib/amd64;C:\Program Files\WinRAR;D:\app\Andru\product\12.2.0\dbhome_2\bin;D:\app\Andru\product\12.2.0\dbhome_1\bin;C:\Users\Andru\Desktop\DbLogicInBusinessApplications\product\12.2.0\dbhome_1\bin;C:\Program Files (x86)\Common Files\Oracle\Java\javapath;C:\WINDOWS\system32;C:\WINDOWS;C:\WINDOWS\System32\Wbem;C:\WINDOWS\System32\WindowsPowerShell\v1.0\;C:\Program Files\PuTTY\;C:\WINDOWS\System32\OpenSSH\;C:\Program Files\Git\cmd;C:\Users\Andru\AppData\Local\Microsoft\WindowsApps;;C:\Users\Andru\AppData\Local\Temp\Rar$EXa17264.32810\eclipse;;.
	java.net.preferIPv4Stack = true
	java.runtime.name = Java(TM) SE Runtime Environment
	java.runtime.version = 1.8.0_191-b12
	java.specification.name = Java Platform API Specification
	java.specification.vendor = Oracle Corporation
	java.specification.version = 1.8
	java.util.logging.manager = org.jboss.logmanager.LogManager
	java.vendor = Oracle Corporation
	java.vendor.url = http://java.oracle.com/
	java.vendor.url.bug = http://bugreport.sun.com/bugreport/
	java.version = 1.8.0_191
	java.vm.info = mixed mode
	java.vm.name = Java HotSpot(TM) 64-Bit Server VM
	java.vm.specification.name = Java Virtual Machine Specification
	java.vm.specification.vendor = Oracle Corporation
	java.vm.specification.version = 1.8
	java.vm.vendor = Oracle Corporation
	java.vm.version = 25.191-b12
	javax.management.builder.initial = org.jboss.as.jmx.PluggableMBeanServerBuilder
	jboss.bind.address = localhost
	jboss.bind.address.management = localhost
	jboss.home.dir = C:\Users\Andru\Desktop\Multi-tiered Software Development\wildfly-13.0.0.Final
	jboss.host.name = desktop-ogprso7
	jboss.modules.dir = C:\Users\Andru\Desktop\Multi-tiered Software Development\wildfly-13.0.0.Final\modules
	jboss.modules.system.pkgs = org.jboss.byteman
	jboss.node.name = desktop-ogprso7
	jboss.qualified.host.name = desktop-ogprso7
	jboss.server.base.dir = C:\Users\Andru\Desktop\Multi-tiered Software Development\wildfly-13.0.0.Final\standalone
	jboss.server.config.dir = C:\Users\Andru\Desktop\Multi-tiered Software Development\wildfly-13.0.0.Final\standalone\configuration
	jboss.server.data.dir = C:\Users\Andru\Desktop\Multi-tiered Software Development\wildfly-13.0.0.Final\standalone\data
	jboss.server.deploy.dir = C:\Users\Andru\Desktop\Multi-tiered Software Development\wildfly-13.0.0.Final\standalone\data\content
	jboss.server.log.dir = C:\Users\Andru\Desktop\Multi-tiered Software Development\wildfly-13.0.0.Final\standalone\log
	jboss.server.name = desktop-ogprso7
	jboss.server.persist.config = true
	jboss.server.temp.dir = C:\Users\Andru\Desktop\Multi-tiered Software Development\wildfly-13.0.0.Final\standalone\tmp
	line.separator = 

	logging.configuration = file:C:\Users\Andru\Desktop\Multi-tiered Software Development\wildfly-13.0.0.Final\standalone\configuration\logging.properties
	module.path = C:\Users\Andru\Desktop\Multi-tiered Software Development\wildfly-13.0.0.Final\modules
	org.jboss.boot.log.file = C:\Users\Andru\Desktop\Multi-tiered Software Development\wildfly-13.0.0.Final\standalone\log\boot.log
	org.jboss.logmanager.nocolor = true
	org.jboss.resolver.warning = true
	os.arch = amd64
	os.name = Windows 10
	os.version = 10.0
	path.separator = ;
	program.name = JBossTools: WildFly 13
	sun.arch.data.model = 64
	sun.boot.class.path = C:\Program Files\Java\jdk1.8.0_191\jre\lib\resources.jar;C:\Program Files\Java\jdk1.8.0_191\jre\lib\rt.jar;C:\Program Files\Java\jdk1.8.0_191\jre\lib\sunrsasign.jar;C:\Program Files\Java\jdk1.8.0_191\jre\lib\jsse.jar;C:\Program Files\Java\jdk1.8.0_191\jre\lib\jce.jar;C:\Program Files\Java\jdk1.8.0_191\jre\lib\charsets.jar;C:\Program Files\Java\jdk1.8.0_191\jre\lib\jfr.jar;C:\Program Files\Java\jdk1.8.0_191\jre\classes
	sun.boot.library.path = C:\Program Files\Java\jdk1.8.0_191\jre\bin
	sun.cpu.endian = little
	sun.cpu.isalist = amd64
	sun.desktop = windows
	sun.io.unicode.encoding = UnicodeLittle
	sun.java.command = org.jboss.modules.Main -mp C:\Users\Andru\Desktop\Multi-tiered Software Development\wildfly-13.0.0.Final\modules org.jboss.as.standalone -b localhost --server-config=standalone.xml -Djboss.server.base.dir=C:\Users\Andru\Desktop\Multi-tiered Software Development\wildfly-13.0.0.Final\standalone
	sun.java.launcher = SUN_STANDARD
	sun.jnu.encoding = Cp1252
	sun.management.compiler = HotSpot 64-Bit Tiered Compilers
	sun.os.patch.level = 
	sun.rmi.dgc.client.gcInterval = 3600000
	sun.rmi.dgc.server.gcInterval = 3600000
	user.country = US
	user.dir = C:\Users\Andru\Desktop\Multi-tiered Software Development\wildfly-13.0.0.Final\bin
	user.home = C:\Users\Andru
	user.language = en
	user.name = Andru
	user.script = 
	user.timezone = Europe/Athens
	user.variant = 
2018-10-28 12:46:30,865 DEBUG [org.jboss.as.config] (MSC service thread 1-1) VM Arguments: -Dprogram.name=JBossTools: WildFly 13 -Xms64m -Xmx512m -Dorg.jboss.resolver.warning=true -Djava.net.preferIPv4Stack=true -Dsun.rmi.dgc.client.gcInterval=3600000 -Dsun.rmi.dgc.server.gcInterval=3600000 -Djboss.modules.system.pkgs=org.jboss.byteman -Djava.awt.headless=true -Dorg.jboss.boot.log.file=C:\Users\Andru\Desktop\Multi-tiered Software Development\wildfly-13.0.0.Final\standalone\log\boot.log -Dlogging.configuration=file:C:\Users\Andru\Desktop\Multi-tiered Software Development\wildfly-13.0.0.Final\standalone\configuration\logging.properties -Djboss.home.dir=C:\Users\Andru\Desktop\Multi-tiered Software Development\wildfly-13.0.0.Final -Dorg.jboss.logmanager.nocolor=true -Djboss.bind.address.management=localhost -Dfile.encoding=Cp1252 
2018-10-28 12:46:33,323 INFO  [org.jboss.as.controller.management-deprecated] (Controller Boot Thread) WFLYCTL0028: Attribute 'security-realm' in the resource at address '/core-service=management/management-interface=http-interface' is deprecated, and may be removed in a future version. See the attribute description in the output of the read-resource-description operation to learn more about the deprecation.
2018-10-28 12:46:33,379 INFO  [org.jboss.as.controller.management-deprecated] (ServerService Thread Pool -- 5) WFLYCTL0028: Attribute 'security-realm' in the resource at address '/subsystem=undertow/server=default-server/https-listener=https' is deprecated, and may be removed in a future version. See the attribute description in the output of the read-resource-description operation to learn more about the deprecation.
2018-10-28 12:46:33,396 INFO  [org.wildfly.security] (ServerService Thread Pool -- 20) ELY00001: WildFly Elytron version 1.3.3.Final
2018-10-28 12:46:33,683 INFO  [org.jboss.as.server] (Controller Boot Thread) WFLYSRV0039: Creating http management service using socket-binding (management-http)
2018-10-28 12:46:33,709 INFO  [org.xnio] (MSC service thread 1-8) XNIO version 3.6.3.Final
2018-10-28 12:46:33,719 INFO  [org.xnio.nio] (MSC service thread 1-8) XNIO NIO Implementation Version 3.6.3.Final
2018-10-28 12:46:33,815 INFO  [org.jboss.as.webservices] (ServerService Thread Pool -- 64) WFLYWS0002: Activating WebServices Extension
2018-10-28 12:46:33,841 INFO  [org.jboss.as.clustering.infinispan] (ServerService Thread Pool -- 45) WFLYCLINF0001: Activating Infinispan subsystem.
2018-10-28 12:46:33,852 INFO  [org.jboss.as.ee] (ServerService Thread Pool -- 41) WFLYEE0119: The system property 'ee8.preview.mode' is NOT set to 'true'. For provided EE 8 APIs where the EE 8 version of the API differs from what is supported in EE 7, the EE 7 variant of the API will be used. Support for this setting will be removed once all EE 8 APIs are provided and certified.
2018-10-28 12:46:33,874 WARN  [org.jboss.as.txn] (ServerService Thread Pool -- 62) WFLYTX0013: The node-identifier attribute on the /subsystem=transactions is set to the default value. This is a danger for environments running multiple servers. Please make sure the attribute value is unique.
2018-10-28 12:46:33,876 INFO  [org.jboss.as.connector.subsystems.datasources] (ServerService Thread Pool -- 38) WFLYJCA0004: Deploying JDBC-compliant driver class org.h2.Driver (version 1.4)
2018-10-28 12:46:33,892 INFO  [org.jboss.as.naming] (ServerService Thread Pool -- 54) WFLYNAM0001: Activating Naming Subsystem
2018-10-28 12:46:33,934 INFO  [org.jboss.as.jaxrs] (ServerService Thread Pool -- 47) WFLYRS0016: RESTEasy version 3.5.1.Final
2018-10-28 12:46:33,967 INFO  [org.wildfly.extension.undertow] (MSC service thread 1-2) WFLYUT0003: Undertow 2.0.9.Final starting
2018-10-28 12:46:34,007 INFO  [org.jboss.as.security] (ServerService Thread Pool -- 60) WFLYSEC0002: Activating Security Subsystem
2018-10-28 12:46:34,020 INFO  [org.jboss.as.connector] (MSC service thread 1-3) WFLYJCA0009: Starting JCA Subsystem (WildFly/IronJacamar 1.4.9.Final)
2018-10-28 12:46:34,018 INFO  [org.jboss.as.jsf] (ServerService Thread Pool -- 52) WFLYJSF0007: Activated the following JSF Implementations: [main]
2018-10-28 12:46:34,049 INFO  [org.jboss.as.security] (MSC service thread 1-1) WFLYSEC0001: Current PicketBox version=5.0.2.Final
2018-10-28 12:46:34,128 INFO  [org.jboss.as.naming] (MSC service thread 1-2) WFLYNAM0003: Starting Naming Service
2018-10-28 12:46:34,138 INFO  [org.jboss.as.connector.deployers.jdbc] (MSC service thread 1-2) WFLYJCA0018: Started Driver service with driver-name = h2
2018-10-28 12:46:34,154 INFO  [org.jboss.as.mail.extension] (MSC service thread 1-2) WFLYMAIL0001: Bound mail session [java:jboss/mail/Default]
2018-10-28 12:46:34,160 INFO  [org.jboss.as.connector.subsystems.datasources] (ServerService Thread Pool -- 38) WFLYJCA0004: Deploying JDBC-compliant driver class oracle.jdbc.OracleDriver (version 12.2)
2018-10-28 12:46:34,172 INFO  [org.jboss.as.connector.deployers.jdbc] (MSC service thread 1-2) WFLYJCA0018: Started Driver service with driver-name = ojdbc8
2018-10-28 12:46:34,366 INFO  [org.wildfly.extension.undertow] (ServerService Thread Pool -- 63) WFLYUT0014: Creating file handler for path 'C:\Users\Andru\Desktop\Multi-tiered Software Development\wildfly-13.0.0.Final/welcome-content' with options [directory-listing: 'false', follow-symlink: 'false', case-sensitive: 'true', safe-symlink-paths: '[]']
2018-10-28 12:46:34,910 INFO  [org.wildfly.extension.io] (ServerService Thread Pool -- 46) WFLYIO001: Worker 'default' has auto-configured to 8 core threads with 64 task threads based on your 4 available processors
2018-10-28 12:46:34,923 INFO  [org.jboss.as.ejb3] (MSC service thread 1-2) WFLYEJB0482: Strict pool mdb-strict-max-pool is using a max instance size of 16 (per class), which is derived from the number of CPUs on this host.
2018-10-28 12:46:34,924 INFO  [org.jboss.as.ejb3] (MSC service thread 1-1) WFLYEJB0481: Strict pool slsb-strict-max-pool is using a max instance size of 64 (per class), which is derived from thread worker pool sizing.
2018-10-28 12:46:34,951 INFO  [org.jboss.remoting] (MSC service thread 1-4) JBoss Remoting version 5.0.7.Final
2018-10-28 12:46:34,980 INFO  [org.wildfly.extension.undertow] (MSC service thread 1-8) WFLYUT0012: Started server default-server.
2018-10-28 12:46:35,007 INFO  [org.wildfly.extension.undertow] (MSC service thread 1-5) WFLYUT0018: Host default-host starting
2018-10-28 12:46:35,095 INFO  [org.jboss.as.patching] (MSC service thread 1-2) WFLYPAT0050: WildFly Full cumulative patch ID is: base, one-off patches include: none
2018-10-28 12:46:35,114 WARN  [org.jboss.as.domain.management.security] (MSC service thread 1-3) WFLYDM0111: Keystore C:\Users\Andru\Desktop\Multi-tiered Software Development\wildfly-13.0.0.Final\standalone\configuration\application.keystore not found, it will be auto generated on first use with a self signed certificate for host localhost
2018-10-28 12:46:35,131 INFO  [org.jboss.as.server.deployment.scanner] (MSC service thread 1-6) WFLYDS0013: Started FileSystemDeploymentService for directory C:\Users\Andru\Desktop\Multi-tiered Software Development\wildfly-13.0.0.Final\standalone\deployments
2018-10-28 12:46:35,190 INFO  [org.wildfly.extension.undertow] (MSC service thread 1-5) WFLYUT0006: Undertow HTTP listener default listening on 127.0.0.1:8080
2018-10-28 12:46:35,643 INFO  [org.jboss.as.ejb3] (MSC service thread 1-4) WFLYEJB0493: EJB subsystem suspension complete
2018-10-28 12:46:35,761 INFO  [org.jboss.as.connector.subsystems.datasources] (MSC service thread 1-2) WFLYJCA0001: Bound data source [java:jboss/datasources/ExampleDS]
2018-10-28 12:46:35,762 INFO  [org.jboss.as.connector.subsystems.datasources] (MSC service thread 1-5) WFLYJCA0001: Bound data source [java:/ORCLFeaaMSD]
2018-10-28 12:46:35,984 INFO  [org.wildfly.extension.undertow] (MSC service thread 1-8) WFLYUT0006: Undertow HTTPS listener https listening on 127.0.0.1:8443
2018-10-28 12:46:36,070 INFO  [org.jboss.ws.common.management] (MSC service thread 1-2) JBWS022052: Starting JBossWS 5.2.1.Final (Apache CXF 3.2.4.jbossorg-1) 
2018-10-28 12:46:36,210 INFO  [org.jboss.as.server] (Controller Boot Thread) WFLYSRV0212: Resuming server
2018-10-28 12:46:36,213 INFO  [org.jboss.as] (Controller Boot Thread) WFLYSRV0060: Http management interface listening on http://127.0.0.1:9990/management
2018-10-28 12:46:36,213 INFO  [org.jboss.as] (Controller Boot Thread) WFLYSRV0051: Admin console listening on http://127.0.0.1:9990
2018-10-28 12:46:36,214 INFO  [org.jboss.as] (Controller Boot Thread) WFLYSRV0025: WildFly Full 13.0.0.Final (WildFly Core 5.0.0.Final) started in 6864ms - Started 297 of 518 services (309 services are lazy, passive or on-demand)
2018-10-28 12:46:41,590 INFO  [org.jboss.as.server] (management-handler-thread - 1) WFLYSRV0236: Suspending server with no timeout.
2018-10-28 12:46:41,599 INFO  [org.jboss.as.ejb3] (management-handler-thread - 1) WFLYEJB0493: EJB subsystem suspension complete
2018-10-28 12:46:41,601 INFO  [org.jboss.as.server] (Management Triggered Shutdown) WFLYSRV0241: Shutting down in response to management operation 'shutdown'
2018-10-28 12:46:41,677 INFO  [org.jboss.as.connector.subsystems.datasources] (MSC service thread 1-1) WFLYJCA0010: Unbound data source [java:/ORCLFeaaMSD]
2018-10-28 12:46:41,678 INFO  [org.jboss.as.connector.subsystems.datasources] (MSC service thread 1-1) WFLYJCA0010: Unbound data source [java:jboss/datasources/ExampleDS]
2018-10-28 12:46:41,680 INFO  [org.wildfly.extension.undertow] (MSC service thread 1-1) WFLYUT0008: Undertow HTTPS listener https suspending
2018-10-28 12:46:41,683 INFO  [org.wildfly.extension.undertow] (MSC service thread 1-6) WFLYUT0019: Host default-host stopping
2018-10-28 12:46:41,685 INFO  [org.jboss.as.connector.deployers.jdbc] (MSC service thread 1-2) WFLYJCA0019: Stopped Driver service with driver-name = ojdbc8
2018-10-28 12:46:41,688 INFO  [org.wildfly.extension.undertow] (MSC service thread 1-1) WFLYUT0007: Undertow HTTPS listener https stopped, was bound to 127.0.0.1:8443
2018-10-28 12:46:41,690 INFO  [org.jboss.as.connector.deployers.jdbc] (MSC service thread 1-5) WFLYJCA0019: Stopped Driver service with driver-name = h2
2018-10-28 12:46:41,695 INFO  [org.wildfly.extension.undertow] (MSC service thread 1-7) WFLYUT0008: Undertow HTTP listener default suspending
2018-10-28 12:46:41,703 INFO  [org.wildfly.extension.undertow] (MSC service thread 1-7) WFLYUT0007: Undertow HTTP listener default stopped, was bound to 127.0.0.1:8080
2018-10-28 12:46:41,772 INFO  [org.wildfly.extension.undertow] (MSC service thread 1-1) WFLYUT0004: Undertow 2.0.9.Final stopping
2018-10-28 12:46:41,803 INFO  [org.jboss.as] (MSC service thread 1-1) WFLYSRV0050: WildFly Full 13.0.0.Final (WildFly Core 5.0.0.Final) stopped in 189ms
2018-10-28 12:48:05,327 INFO  [org.jboss.modules] (main) JBoss Modules version 1.8.5.Final
2018-10-28 12:48:05,967 INFO  [org.jboss.msc] (main) JBoss MSC version 1.4.2.Final
2018-10-28 12:48:05,988 INFO  [org.jboss.threads] (main) JBoss Threads version 2.3.2.Final
2018-10-28 12:48:06,181 INFO  [org.jboss.as] (MSC service thread 1-3) WFLYSRV0049: WildFly Full 13.0.0.Final (WildFly Core 5.0.0.Final) starting
2018-10-28 12:48:06,183 DEBUG [org.jboss.as.config] (MSC service thread 1-3) Configured system properties:
	awt.toolkit = sun.awt.windows.WToolkit
	file.encoding = Cp1252
	file.encoding.pkg = sun.io
	file.separator = \
	java.awt.graphicsenv = sun.awt.Win32GraphicsEnvironment
	java.awt.headless = true
	java.awt.printerjob = sun.awt.windows.WPrinterJob
	java.class.path = C:\Users\Andru\Desktop\Multi-tiered Software Development\wildfly-13.0.0.Final\jboss-modules.jar;C:\Program Files\Java\jdk1.8.0_191\jre\lib\resources.jar;C:\Program Files\Java\jdk1.8.0_191\jre\lib\rt.jar;C:\Program Files\Java\jdk1.8.0_191\jre\lib\jsse.jar;C:\Program Files\Java\jdk1.8.0_191\jre\lib\jce.jar;C:\Program Files\Java\jdk1.8.0_191\jre\lib\charsets.jar;C:\Program Files\Java\jdk1.8.0_191\jre\lib\jfr.jar
	java.class.version = 52.0
	java.endorsed.dirs = C:\Program Files\Java\jdk1.8.0_191\jre\lib\endorsed
	java.ext.dirs = C:\Program Files\Java\jdk1.8.0_191\jre\lib\ext;C:\WINDOWS\Sun\Java\lib\ext
	java.home = C:\Program Files\Java\jdk1.8.0_191\jre
	java.io.tmpdir = C:\Users\Andru\AppData\Local\Temp\
	java.library.path = C:\Program Files\Java\jdk1.8.0_191\bin;C:\WINDOWS\Sun\Java\bin;C:\WINDOWS\system32;C:\WINDOWS;native;C:/Program Files/Java/jre1.8.0_191/bin/server;C:/Program Files/Java/jre1.8.0_191/bin;C:/Program Files/Java/jre1.8.0_191/lib/amd64;C:\Program Files\WinRAR;D:\app\Andru\product\12.2.0\dbhome_2\bin;D:\app\Andru\product\12.2.0\dbhome_1\bin;C:\Users\Andru\Desktop\DbLogicInBusinessApplications\product\12.2.0\dbhome_1\bin;C:\Program Files (x86)\Common Files\Oracle\Java\javapath;C:\WINDOWS\system32;C:\WINDOWS;C:\WINDOWS\System32\Wbem;C:\WINDOWS\System32\WindowsPowerShell\v1.0\;C:\Program Files\PuTTY\;C:\WINDOWS\System32\OpenSSH\;C:\Program Files\Git\cmd;C:\Users\Andru\AppData\Local\Microsoft\WindowsApps;;C:\Users\Andru\AppData\Local\Temp\Rar$EXa17264.32810\eclipse;;.
	java.net.preferIPv4Stack = true
	java.runtime.name = Java(TM) SE Runtime Environment
	java.runtime.version = 1.8.0_191-b12
	java.specification.name = Java Platform API Specification
	java.specification.vendor = Oracle Corporation
	java.specification.version = 1.8
	java.util.logging.manager = org.jboss.logmanager.LogManager
	java.vendor = Oracle Corporation
	java.vendor.url = http://java.oracle.com/
	java.vendor.url.bug = http://bugreport.sun.com/bugreport/
	java.version = 1.8.0_191
	java.vm.info = mixed mode
	java.vm.name = Java HotSpot(TM) 64-Bit Server VM
	java.vm.specification.name = Java Virtual Machine Specification
	java.vm.specification.vendor = Oracle Corporation
	java.vm.specification.version = 1.8
	java.vm.vendor = Oracle Corporation
	java.vm.version = 25.191-b12
	javax.management.builder.initial = org.jboss.as.jmx.PluggableMBeanServerBuilder
	jboss.bind.address = localhost
	jboss.bind.address.management = localhost
	jboss.home.dir = C:\Users\Andru\Desktop\Multi-tiered Software Development\wildfly-13.0.0.Final
	jboss.host.name = desktop-ogprso7
	jboss.modules.dir = C:\Users\Andru\Desktop\Multi-tiered Software Development\wildfly-13.0.0.Final\modules
	jboss.modules.system.pkgs = org.jboss.byteman
	jboss.node.name = desktop-ogprso7
	jboss.qualified.host.name = desktop-ogprso7
	jboss.server.base.dir = C:\Users\Andru\Desktop\Multi-tiered Software Development\wildfly-13.0.0.Final\standalone
	jboss.server.config.dir = C:\Users\Andru\Desktop\Multi-tiered Software Development\wildfly-13.0.0.Final\standalone\configuration
	jboss.server.data.dir = C:\Users\Andru\Desktop\Multi-tiered Software Development\wildfly-13.0.0.Final\standalone\data
	jboss.server.deploy.dir = C:\Users\Andru\Desktop\Multi-tiered Software Development\wildfly-13.0.0.Final\standalone\data\content
	jboss.server.log.dir = C:\Users\Andru\Desktop\Multi-tiered Software Development\wildfly-13.0.0.Final\standalone\log
	jboss.server.name = desktop-ogprso7
	jboss.server.persist.config = true
	jboss.server.temp.dir = C:\Users\Andru\Desktop\Multi-tiered Software Development\wildfly-13.0.0.Final\standalone\tmp
	line.separator = 

	logging.configuration = file:C:\Users\Andru\Desktop\Multi-tiered Software Development\wildfly-13.0.0.Final\standalone\configuration\logging.properties
	module.path = C:\Users\Andru\Desktop\Multi-tiered Software Development\wildfly-13.0.0.Final\modules
	org.jboss.boot.log.file = C:\Users\Andru\Desktop\Multi-tiered Software Development\wildfly-13.0.0.Final\standalone\log\boot.log
	org.jboss.logmanager.nocolor = true
	org.jboss.resolver.warning = true
	os.arch = amd64
	os.name = Windows 10
	os.version = 10.0
	path.separator = ;
	program.name = JBossTools: WildFly 13
	sun.arch.data.model = 64
	sun.boot.class.path = C:\Program Files\Java\jdk1.8.0_191\jre\lib\resources.jar;C:\Program Files\Java\jdk1.8.0_191\jre\lib\rt.jar;C:\Program Files\Java\jdk1.8.0_191\jre\lib\sunrsasign.jar;C:\Program Files\Java\jdk1.8.0_191\jre\lib\jsse.jar;C:\Program Files\Java\jdk1.8.0_191\jre\lib\jce.jar;C:\Program Files\Java\jdk1.8.0_191\jre\lib\charsets.jar;C:\Program Files\Java\jdk1.8.0_191\jre\lib\jfr.jar;C:\Program Files\Java\jdk1.8.0_191\jre\classes
	sun.boot.library.path = C:\Program Files\Java\jdk1.8.0_191\jre\bin
	sun.cpu.endian = little
	sun.cpu.isalist = amd64
	sun.desktop = windows
	sun.io.unicode.encoding = UnicodeLittle
	sun.java.command = org.jboss.modules.Main -mp C:\Users\Andru\Desktop\Multi-tiered Software Development\wildfly-13.0.0.Final\modules org.jboss.as.standalone -b localhost --server-config=standalone.xml -Djboss.server.base.dir=C:\Users\Andru\Desktop\Multi-tiered Software Development\wildfly-13.0.0.Final\standalone
	sun.java.launcher = SUN_STANDARD
	sun.jnu.encoding = Cp1252
	sun.management.compiler = HotSpot 64-Bit Tiered Compilers
	sun.os.patch.level = 
	sun.rmi.dgc.client.gcInterval = 3600000
	sun.rmi.dgc.server.gcInterval = 3600000
	user.country = US
	user.dir = C:\Users\Andru\Desktop\Multi-tiered Software Development\wildfly-13.0.0.Final\bin
	user.home = C:\Users\Andru
	user.language = en
	user.name = Andru
	user.script = 
	user.timezone = Europe/Athens
	user.variant = 
2018-10-28 12:48:06,184 DEBUG [org.jboss.as.config] (MSC service thread 1-3) VM Arguments: -Dprogram.name=JBossTools: WildFly 13 -Xms64m -Xmx512m -Dorg.jboss.resolver.warning=true -Djava.net.preferIPv4Stack=true -Dsun.rmi.dgc.client.gcInterval=3600000 -Dsun.rmi.dgc.server.gcInterval=3600000 -Djboss.modules.system.pkgs=org.jboss.byteman -Djava.awt.headless=true -Dorg.jboss.boot.log.file=C:\Users\Andru\Desktop\Multi-tiered Software Development\wildfly-13.0.0.Final\standalone\log\boot.log -Dlogging.configuration=file:C:\Users\Andru\Desktop\Multi-tiered Software Development\wildfly-13.0.0.Final\standalone\configuration\logging.properties -Djboss.home.dir=C:\Users\Andru\Desktop\Multi-tiered Software Development\wildfly-13.0.0.Final -Dorg.jboss.logmanager.nocolor=true -Djboss.bind.address.management=localhost -Dfile.encoding=Cp1252 
2018-10-28 12:48:08,129 INFO  [org.jboss.as.controller.management-deprecated] (Controller Boot Thread) WFLYCTL0028: Attribute 'security-realm' in the resource at address '/core-service=management/management-interface=http-interface' is deprecated, and may be removed in a future version. See the attribute description in the output of the read-resource-description operation to learn more about the deprecation.
2018-10-28 12:48:08,145 INFO  [org.jboss.as.controller.management-deprecated] (ServerService Thread Pool -- 30) WFLYCTL0028: Attribute 'security-realm' in the resource at address '/subsystem=undertow/server=default-server/https-listener=https' is deprecated, and may be removed in a future version. See the attribute description in the output of the read-resource-description operation to learn more about the deprecation.
2018-10-28 12:48:08,158 INFO  [org.wildfly.security] (ServerService Thread Pool -- 26) ELY00001: WildFly Elytron version 1.3.3.Final
2018-10-28 12:48:08,232 INFO  [org.jboss.as.server] (Controller Boot Thread) WFLYSRV0039: Creating http management service using socket-binding (management-http)
2018-10-28 12:48:08,261 INFO  [org.xnio] (MSC service thread 1-8) XNIO version 3.6.3.Final
2018-10-28 12:48:08,271 INFO  [org.xnio.nio] (MSC service thread 1-8) XNIO NIO Implementation Version 3.6.3.Final
2018-10-28 12:48:08,345 INFO  [org.jboss.as.connector.subsystems.datasources] (ServerService Thread Pool -- 38) WFLYJCA0004: Deploying JDBC-compliant driver class org.h2.Driver (version 1.4)
2018-10-28 12:48:08,364 INFO  [org.jboss.as.ee] (ServerService Thread Pool -- 41) WFLYEE0119: The system property 'ee8.preview.mode' is NOT set to 'true'. For provided EE 8 APIs where the EE 8 version of the API differs from what is supported in EE 7, the EE 7 variant of the API will be used. Support for this setting will be removed once all EE 8 APIs are provided and certified.
2018-10-28 12:48:08,410 INFO  [org.jboss.as.clustering.infinispan] (ServerService Thread Pool -- 45) WFLYCLINF0001: Activating Infinispan subsystem.
2018-10-28 12:48:08,430 INFO  [org.jboss.as.jaxrs] (ServerService Thread Pool -- 47) WFLYRS0016: RESTEasy version 3.5.1.Final
2018-10-28 12:48:08,491 INFO  [org.jboss.as.webservices] (ServerService Thread Pool -- 64) WFLYWS0002: Activating WebServices Extension
2018-10-28 12:48:08,496 WARN  [org.jboss.as.txn] (ServerService Thread Pool -- 62) WFLYTX0013: The node-identifier attribute on the /subsystem=transactions is set to the default value. This is a danger for environments running multiple servers. Please make sure the attribute value is unique.
2018-10-28 12:48:08,503 INFO  [org.jboss.as.jsf] (ServerService Thread Pool -- 52) WFLYJSF0007: Activated the following JSF Implementations: [main]
2018-10-28 12:48:08,508 INFO  [org.jboss.as.connector] (MSC service thread 1-5) WFLYJCA0009: Starting JCA Subsystem (WildFly/IronJacamar 1.4.9.Final)
2018-10-28 12:48:08,512 INFO  [org.jboss.as.naming] (ServerService Thread Pool -- 54) WFLYNAM0001: Activating Naming Subsystem
2018-10-28 12:48:08,521 INFO  [org.wildfly.extension.undertow] (MSC service thread 1-6) WFLYUT0003: Undertow 2.0.9.Final starting
2018-10-28 12:48:08,524 INFO  [org.jboss.as.connector.deployers.jdbc] (MSC service thread 1-2) WFLYJCA0018: Started Driver service with driver-name = h2
2018-10-28 12:48:08,529 INFO  [org.jboss.as.security] (ServerService Thread Pool -- 60) WFLYSEC0002: Activating Security Subsystem
2018-10-28 12:48:08,533 INFO  [org.jboss.as.security] (MSC service thread 1-7) WFLYSEC0001: Current PicketBox version=5.0.2.Final
2018-10-28 12:48:08,584 INFO  [org.jboss.as.naming] (MSC service thread 1-4) WFLYNAM0003: Starting Naming Service
2018-10-28 12:48:08,586 INFO  [org.jboss.as.mail.extension] (MSC service thread 1-2) WFLYMAIL0001: Bound mail session [java:jboss/mail/Default]
2018-10-28 12:48:08,720 INFO  [org.jboss.as.connector.subsystems.datasources] (ServerService Thread Pool -- 38) WFLYJCA0004: Deploying JDBC-compliant driver class oracle.jdbc.OracleDriver (version 12.2)
2018-10-28 12:48:08,736 INFO  [org.jboss.as.connector.deployers.jdbc] (MSC service thread 1-4) WFLYJCA0018: Started Driver service with driver-name = ojdbc8
2018-10-28 12:48:09,004 INFO  [org.wildfly.extension.undertow] (ServerService Thread Pool -- 63) WFLYUT0014: Creating file handler for path 'C:\Users\Andru\Desktop\Multi-tiered Software Development\wildfly-13.0.0.Final/welcome-content' with options [directory-listing: 'false', follow-symlink: 'false', case-sensitive: 'true', safe-symlink-paths: '[]']
2018-10-28 12:48:09,292 INFO  [org.wildfly.extension.io] (ServerService Thread Pool -- 46) WFLYIO001: Worker 'default' has auto-configured to 8 core threads with 64 task threads based on your 4 available processors
2018-10-28 12:48:09,367 INFO  [org.jboss.as.ejb3] (MSC service thread 1-1) WFLYEJB0481: Strict pool slsb-strict-max-pool is using a max instance size of 64 (per class), which is derived from thread worker pool sizing.
2018-10-28 12:48:09,373 INFO  [org.jboss.as.ejb3] (MSC service thread 1-2) WFLYEJB0482: Strict pool mdb-strict-max-pool is using a max instance size of 16 (per class), which is derived from the number of CPUs on this host.
2018-10-28 12:48:09,388 INFO  [org.jboss.remoting] (MSC service thread 1-6) JBoss Remoting version 5.0.7.Final
2018-10-28 12:48:09,408 INFO  [org.wildfly.extension.undertow] (MSC service thread 1-8) WFLYUT0012: Started server default-server.
2018-10-28 12:48:09,412 INFO  [org.wildfly.extension.undertow] (MSC service thread 1-3) WFLYUT0018: Host default-host starting
2018-10-28 12:48:09,444 INFO  [org.jboss.as.patching] (MSC service thread 1-1) WFLYPAT0050: WildFly Full cumulative patch ID is: base, one-off patches include: none
2018-10-28 12:48:09,463 WARN  [org.jboss.as.domain.management.security] (MSC service thread 1-6) WFLYDM0111: Keystore C:\Users\Andru\Desktop\Multi-tiered Software Development\wildfly-13.0.0.Final\standalone\configuration\application.keystore not found, it will be auto generated on first use with a self signed certificate for host localhost
2018-10-28 12:48:09,488 INFO  [org.jboss.as.server.deployment.scanner] (MSC service thread 1-2) WFLYDS0013: Started FileSystemDeploymentService for directory C:\Users\Andru\Desktop\Multi-tiered Software Development\wildfly-13.0.0.Final\standalone\deployments
2018-10-28 12:48:09,541 INFO  [org.wildfly.extension.undertow] (MSC service thread 1-8) WFLYUT0006: Undertow HTTP listener default listening on 127.0.0.1:8080
2018-10-28 12:48:09,585 INFO  [org.jboss.as.ejb3] (MSC service thread 1-2) WFLYEJB0493: EJB subsystem suspension complete
2018-10-28 12:48:09,918 INFO  [org.jboss.as.connector.subsystems.datasources] (MSC service thread 1-7) WFLYJCA0001: Bound data source [java:/ORCLFeaaMSD]
2018-10-28 12:48:09,918 INFO  [org.jboss.as.connector.subsystems.datasources] (MSC service thread 1-7) WFLYJCA0001: Bound data source [java:jboss/datasources/ExampleDS]
2018-10-28 12:48:10,141 INFO  [org.wildfly.extension.undertow] (MSC service thread 1-7) WFLYUT0006: Undertow HTTPS listener https listening on 127.0.0.1:8443
2018-10-28 12:48:10,226 INFO  [org.jboss.ws.common.management] (MSC service thread 1-7) JBWS022052: Starting JBossWS 5.2.1.Final (Apache CXF 3.2.4.jbossorg-1) 
2018-10-28 12:48:10,316 INFO  [org.jboss.as.server] (Controller Boot Thread) WFLYSRV0212: Resuming server
2018-10-28 12:48:10,318 INFO  [org.jboss.as] (Controller Boot Thread) WFLYSRV0060: Http management interface listening on http://127.0.0.1:9990/management
2018-10-28 12:48:10,319 INFO  [org.jboss.as] (Controller Boot Thread) WFLYSRV0051: Admin console listening on http://127.0.0.1:9990
2018-10-28 12:48:10,319 INFO  [org.jboss.as] (Controller Boot Thread) WFLYSRV0025: WildFly Full 13.0.0.Final (WildFly Core 5.0.0.Final) started in 5648ms - Started 297 of 518 services (309 services are lazy, passive or on-demand)
2018-10-28 12:49:13,292 INFO  [org.jboss.as.repository] (management-handler-thread - 2) WFLYDR0001: Content added at location C:\Users\Andru\Desktop\Multi-tiered Software Development\wildfly-13.0.0.Final\standalone\data\content\7d\fc2d129a99cf88c5bcb44013548144109c675b\content
2018-10-28 12:49:13,312 INFO  [org.jboss.as.server.deployment] (MSC service thread 1-7) WFLYSRV0027: Starting deployment of "SQM4.war" (runtime-name: "SQM4.war")
2018-10-28 12:49:14,308 INFO  [org.jboss.as.jpa] (MSC service thread 1-8) WFLYJPA0002: Read persistence.xml for MSD
2018-10-28 12:49:14,426 INFO  [org.jboss.as.jpa] (ServerService Thread Pool -- 32) WFLYJPA0010: Starting Persistence Unit (phase 1 of 2) Service 'SQM4.war#MSD'
2018-10-28 12:49:14,457 INFO  [org.hibernate.jpa.internal.util.LogHelper] (ServerService Thread Pool -- 32) HHH000204: Processing PersistenceUnitInfo [
	name: MSD
	...]
2018-10-28 12:49:14,474 INFO  [org.jboss.weld.deployer] (MSC service thread 1-8) WFLYWELD0003: Processing weld deployment SQM4.war
2018-10-28 12:49:14,625 INFO  [org.hibernate.Version] (ServerService Thread Pool -- 32) HHH000412: Hibernate Core {5.1.14.Final}
2018-10-28 12:49:14,627 INFO  [org.hibernate.cfg.Environment] (ServerService Thread Pool -- 32) HHH000206: hibernate.properties not found
2018-10-28 12:49:14,629 INFO  [org.hibernate.cfg.Environment] (ServerService Thread Pool -- 32) HHH000021: Bytecode provider name : javassist
2018-10-28 12:49:14,637 INFO  [org.hibernate.validator.internal.util.Version] (MSC service thread 1-8) HV000001: Hibernate Validator 5.3.6.Final
2018-10-28 12:49:14,699 INFO  [org.hibernate.annotations.common.Version] (ServerService Thread Pool -- 32) HCANN000001: Hibernate Commons Annotations {5.0.2.Final}
2018-10-28 12:49:14,733 INFO  [org.jboss.as.ejb3.deployment] (MSC service thread 1-8) WFLYEJB0473: JNDI bindings for session bean named 'DataServiceEJB' in deployment unit 'deployment "SQM4.war"' are as follows:

	java:global/SQM4/DataServiceEJB!org.app.service.ejb.DataServiceEJB
	java:app/SQM4/DataServiceEJB!org.app.service.ejb.DataServiceEJB
	java:module/DataServiceEJB!org.app.service.ejb.DataServiceEJB
	ejb:SQM4/DataServiceEJB!org.app.service.ejb.DataServiceEJB
	java:global/SQM4/DataServiceEJB!org.app.service.ejb.DataService
	java:app/SQM4/DataServiceEJB!org.app.service.ejb.DataService
	java:module/DataServiceEJB!org.app.service.ejb.DataService
	java:jboss/exported/SQM4/DataServiceEJB!org.app.service.ejb.DataService
	ejb:SQM4/DataServiceEJB!org.app.service.ejb.DataService

2018-10-28 12:49:15,176 INFO  [org.jboss.weld.Version] (MSC service thread 1-3) WELD-000900: 3.0.4 (Final)
2018-10-28 12:49:15,301 INFO  [org.infinispan.factories.GlobalComponentRegistry] (MSC service thread 1-5) ISPN000128: Infinispan version: Infinispan 'Gaina' 9.2.4.Final
2018-10-28 12:49:15,599 INFO  [org.jboss.as.jpa] (ServerService Thread Pool -- 69) WFLYJPA0010: Starting Persistence Unit (phase 2 of 2) Service 'SQM4.war#MSD'
2018-10-28 12:49:15,638 INFO  [org.jboss.as.clustering.infinispan] (ServerService Thread Pool -- 32) WFLYCLINF0002: Started client-mappings cache from ejb container
2018-10-28 12:49:16,056 INFO  [org.hibernate.dialect.Dialect] (ServerService Thread Pool -- 69) HHH000400: Using dialect: org.hibernate.dialect.Oracle10gDialect
2018-10-28 12:49:16,333 INFO  [org.hibernate.envers.boot.internal.EnversServiceImpl] (ServerService Thread Pool -- 69) Envers integration enabled? : true
2018-10-28 12:49:19,411 WARN  [org.jboss.weld.Bootstrap] (MSC service thread 1-3) WELD-000146: BeforeBeanDiscovery.addAnnotatedType(AnnotatedType<?>) used for class org.hibernate.validator.internal.cdi.interceptor.ValidationInterceptor is deprecated from CDI 1.1!
2018-10-28 12:49:19,428 WARN  [org.jboss.weld.Bootstrap] (MSC service thread 1-3) WELD-000146: BeforeBeanDiscovery.addAnnotatedType(AnnotatedType<?>) used for class org.jberet.creation.BatchBeanProducer is deprecated from CDI 1.1!
2018-10-28 12:49:20,350 INFO  [org.jboss.resteasy.resteasy_jaxrs.i18n] (ServerService Thread Pool -- 70) RESTEASY002225: Deploying javax.ws.rs.core.Application: class org.app.service.rest.ApplicationConfig$Proxy$_$$_WeldClientProxy
2018-10-28 12:49:20,401 INFO  [org.wildfly.extension.undertow] (ServerService Thread Pool -- 70) WFLYUT0021: Registered web context: '/SQM4' for server 'default-server'
2018-10-28 12:49:20,477 INFO  [org.jboss.as.server] (management-handler-thread - 2) WFLYSRV0010: Deployed "SQM4.war" (runtime-name : "SQM4.war")
2018-10-28 12:49:51,279 INFO  [org.app.service.ejb.DataServiceEJB$$$view1] (default task-1) START DEFAULT INIT: ENTITY REPOSITORY ... 
2018-10-28 12:49:51,280 INFO  [org.app.service.ejb.DataServiceEJB$$$view1] (default task-1) init repositoryType: EntityBase
2018-10-28 12:49:51,280 INFO  [org.app.service.ejb.DataServiceEJB$$$view1] (default task-1) init generic JPAQL: SELECT o FROM EntityBase o
2018-10-28 12:49:51,280 INFO  [org.app.service.ejb.DataServiceEJB$$$view1] (default task-1) ... END DEFAULT INIT: ENTITY REPOSITORY!
2018-10-28 12:49:51,280 INFO  [org.app.service.ejb.DataServiceEJB] (default task-1) INIT DEF CONSTRUCTOR : null
2018-10-28 12:49:51,320 INFO  [org.app.service.ejb.DataServiceEJB] (default task-1) START DEFAULT INIT: ENTITY REPOSITORY ... 
2018-10-28 12:49:51,320 INFO  [org.app.service.ejb.DataServiceEJB] (default task-1) init repositoryType: EntityBase
2018-10-28 12:49:51,320 INFO  [org.app.service.ejb.DataServiceEJB] (default task-1) init generic JPAQL: SELECT o FROM EntityBase o
2018-10-28 12:49:51,320 INFO  [org.app.service.ejb.DataServiceEJB] (default task-1) ... END DEFAULT INIT: ENTITY REPOSITORY!
2018-10-28 12:49:51,320 INFO  [org.app.service.ejb.DataServiceEJB] (default task-1) INIT DEF CONSTRUCTOR : null
2018-10-28 12:49:51,381 INFO  [org.app.service.ejb.DataServiceEJB] (default task-1) Initialized :
2018-10-28 12:58:06,701 INFO  [org.jboss.as.repository] (ServerService Thread Pool -- 67) WFLYDR0009: Content C:\Users\Andru\Desktop\Multi-tiered Software Development\wildfly-13.0.0.Final\standalone\data\content\e5\383f8d95030926aba551b79e5d9d6d4b7a1aee is obsolete and will be removed
2018-10-28 12:58:06,721 INFO  [org.jboss.as.repository] (ServerService Thread Pool -- 67) WFLYDR0002: Content removed from location C:\Users\Andru\Desktop\Multi-tiered Software Development\wildfly-13.0.0.Final\standalone\data\content\e5\383f8d95030926aba551b79e5d9d6d4b7a1aee\content
2018-10-28 12:58:06,722 INFO  [org.jboss.as.repository] (ServerService Thread Pool -- 67) WFLYDR0009: Content C:\Users\Andru\Desktop\Multi-tiered Software Development\wildfly-13.0.0.Final\standalone\data\content\60\8de57c72b8e92651442cb89f19bcd8543dd752 is obsolete and will be removed
2018-10-28 12:58:06,732 INFO  [org.jboss.as.repository] (ServerService Thread Pool -- 67) WFLYDR0002: Content removed from location C:\Users\Andru\Desktop\Multi-tiered Software Development\wildfly-13.0.0.Final\standalone\data\content\60\8de57c72b8e92651442cb89f19bcd8543dd752\content
2018-10-28 12:58:06,732 INFO  [org.jboss.as.repository] (ServerService Thread Pool -- 67) WFLYDR0009: Content C:\Users\Andru\Desktop\Multi-tiered Software Development\wildfly-13.0.0.Final\standalone\data\content\7a\b5d6df671aa7cfa73112e07bd7a240a140796d is obsolete and will be removed
2018-10-28 12:58:06,740 INFO  [org.jboss.as.repository] (ServerService Thread Pool -- 67) WFLYDR0002: Content removed from location C:\Users\Andru\Desktop\Multi-tiered Software Development\wildfly-13.0.0.Final\standalone\data\content\7a\b5d6df671aa7cfa73112e07bd7a240a140796d\content
